000 (531258.000.000) 07/01 20:14:25 Job submitted from host: <137.138.44.55:9618?addrs=137.138.44.55-9618+[2001-1458-d00-1a--48]-9618&alias=bigbird17.cern.ch&noUDP&sock=schedd_2910_98af_206>
...
040 (531258.000.000) 07/01 20:14:49 Started transferring input files
	Transferring to host: <128.142.241.20:9618?addrs=128.142.241.20-9618+[2001-1458-301-ce--100-1b]-9618&alias=b7g47n0002.cern.ch&noUDP&sock=starter_16823_1345_17947>
...
040 (531258.000.000) 07/01 20:14:49 Finished transferring input files
...
001 (531258.000.000) 07/01 20:14:50 Job executing on host: <128.142.241.20:9618?addrs=128.142.241.20-9618+[2001-1458-301-ce--100-1b]-9618&alias=b7g47n0002.cern.ch&noUDP&sock=startd_16783_520e_3>
...
006 (531258.000.000) 07/01 20:14:59 Image size of job updated: 1851460
	1809  -  MemoryUsage of job (MB)
	1851460  -  ResidentSetSize of job (KB)
...
006 (531258.000.000) 07/01 20:20:00 Image size of job updated: 4837812
	4485  -  MemoryUsage of job (MB)
	4592120  -  ResidentSetSize of job (KB)
...
006 (531258.000.000) 07/01 20:25:00 Image size of job updated: 4842568
	4490  -  MemoryUsage of job (MB)
	4596872  -  ResidentSetSize of job (KB)
...
006 (531258.000.000) 07/01 20:30:01 Image size of job updated: 4848080
	4495  -  MemoryUsage of job (MB)
	4602384  -  ResidentSetSize of job (KB)
...
006 (531258.000.000) 07/01 20:40:01 Image size of job updated: 4858648
	4505  -  MemoryUsage of job (MB)
	4612952  -  ResidentSetSize of job (KB)
...
006 (531258.000.000) 07/01 20:45:02 Image size of job updated: 4864532
	4511  -  MemoryUsage of job (MB)
	4618836  -  ResidentSetSize of job (KB)
...
006 (531258.000.000) 07/01 20:50:02 Image size of job updated: 4869812
	4516  -  MemoryUsage of job (MB)
	4624116  -  ResidentSetSize of job (KB)
...
006 (531258.000.000) 07/01 20:55:03 Image size of job updated: 4874812
	4521  -  MemoryUsage of job (MB)
	4629116  -  ResidentSetSize of job (KB)
...
006 (531258.000.000) 07/01 21:00:03 Image size of job updated: 4874812
	4521  -  MemoryUsage of job (MB)
	4629132  -  ResidentSetSize of job (KB)
...
006 (531258.000.000) 07/01 21:05:04 Image size of job updated: 4884952
	4531  -  MemoryUsage of job (MB)
	4639256  -  ResidentSetSize of job (KB)
...
006 (531258.000.000) 07/01 21:10:04 Image size of job updated: 4890124
	4536  -  MemoryUsage of job (MB)
	4644428  -  ResidentSetSize of job (KB)
...
006 (531258.000.000) 07/01 21:15:05 Image size of job updated: 4895276
	4541  -  MemoryUsage of job (MB)
	4649580  -  ResidentSetSize of job (KB)
...
006 (531258.000.000) 07/01 21:25:06 Image size of job updated: 4905280
	4551  -  MemoryUsage of job (MB)
	4659584  -  ResidentSetSize of job (KB)
...
006 (531258.000.000) 07/01 21:30:06 Image size of job updated: 4910672
	4556  -  MemoryUsage of job (MB)
	4664976  -  ResidentSetSize of job (KB)
...
006 (531258.000.000) 07/01 21:35:07 Image size of job updated: 4916792
	4562  -  MemoryUsage of job (MB)
	4671096  -  ResidentSetSize of job (KB)
...
006 (531258.000.000) 07/01 21:40:07 Image size of job updated: 4920688
	4566  -  MemoryUsage of job (MB)
	4674992  -  ResidentSetSize of job (KB)
...
006 (531258.000.000) 07/01 21:45:08 Image size of job updated: 4925484
	4571  -  MemoryUsage of job (MB)
	4679788  -  ResidentSetSize of job (KB)
...
006 (531258.000.000) 07/01 21:50:08 Image size of job updated: 4930432
	4575  -  MemoryUsage of job (MB)
	4684736  -  ResidentSetSize of job (KB)
...
006 (531258.000.000) 07/01 21:55:09 Image size of job updated: 4935628
	4581  -  MemoryUsage of job (MB)
	4689932  -  ResidentSetSize of job (KB)
...
006 (531258.000.000) 07/01 22:05:10 Image size of job updated: 4945224
	4590  -  MemoryUsage of job (MB)
	4699528  -  ResidentSetSize of job (KB)
...
006 (531258.000.000) 07/01 22:10:10 Image size of job updated: 4950224
	4595  -  MemoryUsage of job (MB)
	4704528  -  ResidentSetSize of job (KB)
...
006 (531258.000.000) 07/01 22:15:12 Image size of job updated: 4950224
	4595  -  MemoryUsage of job (MB)
	4704532  -  ResidentSetSize of job (KB)
...
006 (531258.000.000) 07/01 22:20:12 Image size of job updated: 4962280
	4607  -  MemoryUsage of job (MB)
	4716584  -  ResidentSetSize of job (KB)
...
006 (531258.000.000) 07/01 22:25:13 Image size of job updated: 4965876
	4610  -  MemoryUsage of job (MB)
	4720180  -  ResidentSetSize of job (KB)
...
006 (531258.000.000) 07/01 22:35:13 Image size of job updated: 4972788
	4617  -  MemoryUsage of job (MB)
	4727092  -  ResidentSetSize of job (KB)
...
006 (531258.000.000) 07/01 22:45:14 Image size of job updated: 4981984
	4626  -  MemoryUsage of job (MB)
	4736288  -  ResidentSetSize of job (KB)
...
006 (531258.000.000) 07/01 22:50:15 Image size of job updated: 4986180
	4630  -  MemoryUsage of job (MB)
	4740484  -  ResidentSetSize of job (KB)
...
006 (531258.000.000) 07/01 22:55:15 Image size of job updated: 4989908
	4634  -  MemoryUsage of job (MB)
	4744212  -  ResidentSetSize of job (KB)
...
006 (531258.000.000) 07/01 23:05:16 Image size of job updated: 5000420
	4644  -  MemoryUsage of job (MB)
	4754724  -  ResidentSetSize of job (KB)
...
006 (531258.000.000) 07/01 23:10:17 Image size of job updated: 5000420
	4644  -  MemoryUsage of job (MB)
	4754728  -  ResidentSetSize of job (KB)
...
006 (531258.000.000) 07/01 23:15:17 Image size of job updated: 5007816
	4651  -  MemoryUsage of job (MB)
	4762120  -  ResidentSetSize of job (KB)
...
006 (531258.000.000) 07/01 23:25:18 Image size of job updated: 5016124
	4659  -  MemoryUsage of job (MB)
	4770428  -  ResidentSetSize of job (KB)
...
006 (531258.000.000) 07/01 23:30:18 Image size of job updated: 5016124
	4659  -  MemoryUsage of job (MB)
	4770432  -  ResidentSetSize of job (KB)
...
006 (531258.000.000) 07/01 23:35:19 Image size of job updated: 5025592
	4668  -  MemoryUsage of job (MB)
	4779896  -  ResidentSetSize of job (KB)
...
006 (531258.000.000) 07/01 23:45:20 Image size of job updated: 5034748
	4677  -  MemoryUsage of job (MB)
	4789052  -  ResidentSetSize of job (KB)
...
006 (531258.000.000) 07/01 23:50:20 Image size of job updated: 5038360
	4681  -  MemoryUsage of job (MB)
	4792664  -  ResidentSetSize of job (KB)
...
006 (531258.000.000) 07/01 23:55:21 Image size of job updated: 5042296
	4685  -  MemoryUsage of job (MB)
	4796600  -  ResidentSetSize of job (KB)
...
006 (531258.000.000) 07/02 00:00:21 Image size of job updated: 5046436
	4689  -  MemoryUsage of job (MB)
	4800740  -  ResidentSetSize of job (KB)
...
006 (531258.000.000) 07/02 00:05:22 Image size of job updated: 5049552
	4692  -  MemoryUsage of job (MB)
	4803856  -  ResidentSetSize of job (KB)
...
006 (531258.000.000) 07/02 00:10:22 Image size of job updated: 5053912
	4696  -  MemoryUsage of job (MB)
	4808216  -  ResidentSetSize of job (KB)
...
006 (531258.000.000) 07/02 00:15:23 Image size of job updated: 5059076
	4701  -  MemoryUsage of job (MB)
	4813380  -  ResidentSetSize of job (KB)
...
006 (531258.000.000) 07/02 00:20:23 Image size of job updated: 5063068
	4705  -  MemoryUsage of job (MB)
	4817372  -  ResidentSetSize of job (KB)
...
006 (531258.000.000) 07/02 00:25:24 Image size of job updated: 5067636
	4709  -  MemoryUsage of job (MB)
	4821940  -  ResidentSetSize of job (KB)
...
006 (531258.000.000) 07/02 00:30:24 Image size of job updated: 5072008
	4714  -  MemoryUsage of job (MB)
	4826312  -  ResidentSetSize of job (KB)
...
006 (531258.000.000) 07/02 00:35:25 Image size of job updated: 5076272
	4718  -  MemoryUsage of job (MB)
	4830576  -  ResidentSetSize of job (KB)
...
006 (531258.000.000) 07/02 00:40:25 Image size of job updated: 5080476
	4722  -  MemoryUsage of job (MB)
	4834780  -  ResidentSetSize of job (KB)
...
006 (531258.000.000) 07/02 00:45:27 Image size of job updated: 5085768
	4727  -  MemoryUsage of job (MB)
	4840072  -  ResidentSetSize of job (KB)
...
006 (531258.000.000) 07/02 00:50:27 Image size of job updated: 5089132
	4730  -  MemoryUsage of job (MB)
	4843436  -  ResidentSetSize of job (KB)
...
006 (531258.000.000) 07/02 00:55:29 Image size of job updated: 5092556
	4734  -  MemoryUsage of job (MB)
	4846860  -  ResidentSetSize of job (KB)
...
006 (531258.000.000) 07/02 01:00:29 Image size of job updated: 5098400
	4739  -  MemoryUsage of job (MB)
	4852704  -  ResidentSetSize of job (KB)
...
006 (531258.000.000) 07/02 01:05:29 Image size of job updated: 5101904
	4743  -  MemoryUsage of job (MB)
	4856208  -  ResidentSetSize of job (KB)
...
006 (531258.000.000) 07/02 01:10:30 Image size of job updated: 5105260
	4746  -  MemoryUsage of job (MB)
	4859564  -  ResidentSetSize of job (KB)
...
006 (531258.000.000) 07/02 01:15:31 Image size of job updated: 5109524
	4750  -  MemoryUsage of job (MB)
	4863828  -  ResidentSetSize of job (KB)
...
006 (531258.000.000) 07/02 01:20:31 Image size of job updated: 5115432
	4756  -  MemoryUsage of job (MB)
	4869736  -  ResidentSetSize of job (KB)
...
006 (531258.000.000) 07/02 01:25:31 Image size of job updated: 5118752
	4759  -  MemoryUsage of job (MB)
	4873056  -  ResidentSetSize of job (KB)
...
040 (531258.000.000) 07/02 01:30:55 Started transferring output files
...
040 (531258.000.000) 07/02 01:30:55 Finished transferring output files
...
005 (531258.000.000) 07/02 01:30:55 Job terminated.
	(1) Normal termination (return value 0)
		Usr 0 05:12:20, Sys 0 00:03:36  -  Run Remote Usage
		Usr 0 00:00:00, Sys 0 00:00:00  -  Run Local Usage
		Usr 0 05:12:20, Sys 0 00:03:36  -  Total Remote Usage
		Usr 0 00:00:00, Sys 0 00:00:00  -  Total Local Usage
	25430  -  Run Bytes Sent By Job
	21605  -  Run Bytes Received By Job
	25430  -  Total Bytes Sent By Job
	21605  -  Total Bytes Received By Job
	Partitionable Resources :      Usage  Request Allocated Assigned
	   Cpus                 :       1.02        1         1 
	   Disk (KB)            : 1767285          22    185485 
	   Gpus                 :                   1         1 "CUDA3"
	   Memory (MB)          :    4759        2000      2000 
...
