000 (528278.000.000) 06/30 13:46:11 Job submitted from host: <137.138.44.55:9618?addrs=137.138.44.55-9618+[2001-1458-d00-1a--48]-9618&alias=bigbird17.cern.ch&noUDP&sock=schedd_2910_98af_206>
...
040 (528278.000.000) 06/30 13:46:47 Started transferring input files
	Transferring to host: <128.142.241.9:9618?addrs=128.142.241.9-9618+[2001-1458-301-ce--100-3de]-9618&alias=b7g47n0001.cern.ch&noUDP&sock=starter_3331_bda1_16947>
...
040 (528278.000.000) 06/30 13:46:47 Finished transferring input files
...
001 (528278.000.000) 06/30 13:46:48 Job executing on host: <128.142.241.9:9618?addrs=128.142.241.9-9618+[2001-1458-301-ce--100-3de]-9618&alias=b7g47n0001.cern.ch&noUDP&sock=startd_2397_b89a_3>
...
006 (528278.000.000) 06/30 13:46:56 Image size of job updated: 136296
	134  -  MemoryUsage of job (MB)
	136296  -  ResidentSetSize of job (KB)
...
006 (528278.000.000) 06/30 13:51:56 Image size of job updated: 4650568
	4302  -  MemoryUsage of job (MB)
	4404924  -  ResidentSetSize of job (KB)
...
006 (528278.000.000) 06/30 13:56:58 Image size of job updated: 4841576
	4489  -  MemoryUsage of job (MB)
	4595860  -  ResidentSetSize of job (KB)
...
006 (528278.000.000) 06/30 14:01:58 Image size of job updated: 4847596
	4489  -  MemoryUsage of job (MB)
	4595860  -  ResidentSetSize of job (KB)
...
006 (528278.000.000) 06/30 14:06:59 Image size of job updated: 4853164
	4489  -  MemoryUsage of job (MB)
	4595860  -  ResidentSetSize of job (KB)
...
006 (528278.000.000) 06/30 14:11:59 Image size of job updated: 4858440
	4489  -  MemoryUsage of job (MB)
	4595860  -  ResidentSetSize of job (KB)
...
006 (528278.000.000) 06/30 14:16:59 Image size of job updated: 4863940
	4489  -  MemoryUsage of job (MB)
	4595860  -  ResidentSetSize of job (KB)
...
006 (528278.000.000) 06/30 14:22:00 Image size of job updated: 4869196
	4492  -  MemoryUsage of job (MB)
	4599496  -  ResidentSetSize of job (KB)
...
006 (528278.000.000) 06/30 14:27:00 Image size of job updated: 4874528
	4497  -  MemoryUsage of job (MB)
	4604828  -  ResidentSetSize of job (KB)
...
006 (528278.000.000) 06/30 14:32:01 Image size of job updated: 4879580
	4502  -  MemoryUsage of job (MB)
	4609880  -  ResidentSetSize of job (KB)
...
006 (528278.000.000) 06/30 14:37:01 Image size of job updated: 4884844
	4507  -  MemoryUsage of job (MB)
	4615144  -  ResidentSetSize of job (KB)
...
006 (528278.000.000) 06/30 14:42:02 Image size of job updated: 4889160
	4512  -  MemoryUsage of job (MB)
	4619460  -  ResidentSetSize of job (KB)
...
006 (528278.000.000) 06/30 14:47:02 Image size of job updated: 4895108
	4517  -  MemoryUsage of job (MB)
	4625408  -  ResidentSetSize of job (KB)
...
006 (528278.000.000) 06/30 14:52:03 Image size of job updated: 4895108
	4518  -  MemoryUsage of job (MB)
	4625416  -  ResidentSetSize of job (KB)
...
006 (528278.000.000) 06/30 14:57:03 Image size of job updated: 4906220
	4528  -  MemoryUsage of job (MB)
	4636520  -  ResidentSetSize of job (KB)
...
006 (528278.000.000) 06/30 15:02:04 Image size of job updated: 4910144
	4532  -  MemoryUsage of job (MB)
	4640444  -  ResidentSetSize of job (KB)
...
006 (528278.000.000) 06/30 15:07:04 Image size of job updated: 4914980
	4537  -  MemoryUsage of job (MB)
	4645280  -  ResidentSetSize of job (KB)
...
006 (528278.000.000) 06/30 15:12:04 Image size of job updated: 4921644
	4537  -  MemoryUsage of job (MB)
	4645280  -  ResidentSetSize of job (KB)
...
006 (528278.000.000) 06/30 15:17:05 Image size of job updated: 4925784
	4537  -  MemoryUsage of job (MB)
	4645280  -  ResidentSetSize of job (KB)
...
006 (528278.000.000) 06/30 15:22:05 Image size of job updated: 4929512
	4537  -  MemoryUsage of job (MB)
	4645280  -  ResidentSetSize of job (KB)
...
006 (528278.000.000) 06/30 15:27:06 Image size of job updated: 4933584
	4537  -  MemoryUsage of job (MB)
	4645280  -  ResidentSetSize of job (KB)
...
006 (528278.000.000) 06/30 15:32:06 Image size of job updated: 4938764
	4537  -  MemoryUsage of job (MB)
	4645280  -  ResidentSetSize of job (KB)
...
006 (528278.000.000) 06/30 15:42:07 Image size of job updated: 4947828
	4537  -  MemoryUsage of job (MB)
	4645280  -  ResidentSetSize of job (KB)
...
006 (528278.000.000) 06/30 15:47:08 Image size of job updated: 4952740
	4537  -  MemoryUsage of job (MB)
	4645280  -  ResidentSetSize of job (KB)
...
006 (528278.000.000) 06/30 15:52:08 Image size of job updated: 4957100
	4537  -  MemoryUsage of job (MB)
	4645280  -  ResidentSetSize of job (KB)
...
006 (528278.000.000) 06/30 15:57:10 Image size of job updated: 4961664
	4537  -  MemoryUsage of job (MB)
	4645280  -  ResidentSetSize of job (KB)
...
006 (528278.000.000) 06/30 16:07:11 Image size of job updated: 4971272
	4537  -  MemoryUsage of job (MB)
	4645280  -  ResidentSetSize of job (KB)
...
006 (528278.000.000) 06/30 16:17:11 Image size of job updated: 4979600
	4537  -  MemoryUsage of job (MB)
	4645280  -  ResidentSetSize of job (KB)
...
006 (528278.000.000) 06/30 16:27:12 Image size of job updated: 4988064
	4537  -  MemoryUsage of job (MB)
	4645280  -  ResidentSetSize of job (KB)
...
006 (528278.000.000) 06/30 16:32:13 Image size of job updated: 4993744
	4537  -  MemoryUsage of job (MB)
	4645280  -  ResidentSetSize of job (KB)
...
006 (528278.000.000) 06/30 16:37:13 Image size of job updated: 4997300
	4537  -  MemoryUsage of job (MB)
	4645280  -  ResidentSetSize of job (KB)
...
006 (528278.000.000) 06/30 16:42:14 Image size of job updated: 5001408
	4537  -  MemoryUsage of job (MB)
	4645280  -  ResidentSetSize of job (KB)
...
006 (528278.000.000) 06/30 16:47:14 Image size of job updated: 5005464
	4537  -  MemoryUsage of job (MB)
	4645280  -  ResidentSetSize of job (KB)
...
006 (528278.000.000) 06/30 16:57:16 Image size of job updated: 5013036
	4537  -  MemoryUsage of job (MB)
	4645280  -  ResidentSetSize of job (KB)
...
006 (528278.000.000) 06/30 17:07:17 Image size of job updated: 5021892
	4537  -  MemoryUsage of job (MB)
	4645280  -  ResidentSetSize of job (KB)
...
006 (528278.000.000) 06/30 17:17:18 Image size of job updated: 5030848
	4537  -  MemoryUsage of job (MB)
	4645280  -  ResidentSetSize of job (KB)
...
006 (528278.000.000) 06/30 17:22:18 Image size of job updated: 5036436
	4537  -  MemoryUsage of job (MB)
	4645280  -  ResidentSetSize of job (KB)
...
006 (528278.000.000) 06/30 17:27:19 Image size of job updated: 5039624
	4537  -  MemoryUsage of job (MB)
	4645280  -  ResidentSetSize of job (KB)
...
006 (528278.000.000) 06/30 17:32:19 Image size of job updated: 5045988
	4537  -  MemoryUsage of job (MB)
	4645280  -  ResidentSetSize of job (KB)
...
006 (528278.000.000) 06/30 17:37:20 Image size of job updated: 5048804
	4537  -  MemoryUsage of job (MB)
	4645280  -  ResidentSetSize of job (KB)
...
006 (528278.000.000) 06/30 17:42:20 Image size of job updated: 5052388
	4537  -  MemoryUsage of job (MB)
	4645280  -  ResidentSetSize of job (KB)
...
006 (528278.000.000) 06/30 17:52:21 Image size of job updated: 5058788
	4537  -  MemoryUsage of job (MB)
	4645280  -  ResidentSetSize of job (KB)
...
006 (528278.000.000) 06/30 17:57:22 Image size of job updated: 5062600
	4537  -  MemoryUsage of job (MB)
	4645280  -  ResidentSetSize of job (KB)
...
006 (528278.000.000) 06/30 18:02:22 Image size of job updated: 5067156
	4537  -  MemoryUsage of job (MB)
	4645280  -  ResidentSetSize of job (KB)
...
006 (528278.000.000) 06/30 18:07:24 Image size of job updated: 5071912
	4537  -  MemoryUsage of job (MB)
	4645280  -  ResidentSetSize of job (KB)
...
006 (528278.000.000) 06/30 18:17:25 Image size of job updated: 5082000
	4537  -  MemoryUsage of job (MB)
	4645280  -  ResidentSetSize of job (KB)
...
006 (528278.000.000) 06/30 18:22:25 Image size of job updated: 5085328
	4537  -  MemoryUsage of job (MB)
	4645280  -  ResidentSetSize of job (KB)
...
006 (528278.000.000) 06/30 18:27:25 Image size of job updated: 5088236
	4537  -  MemoryUsage of job (MB)
	4645280  -  ResidentSetSize of job (KB)
...
006 (528278.000.000) 06/30 18:32:26 Image size of job updated: 5091652
	4537  -  MemoryUsage of job (MB)
	4645280  -  ResidentSetSize of job (KB)
...
006 (528278.000.000) 06/30 18:42:27 Image size of job updated: 5100320
	4537  -  MemoryUsage of job (MB)
	4645280  -  ResidentSetSize of job (KB)
...
006 (528278.000.000) 06/30 18:47:27 Image size of job updated: 5104044
	4537  -  MemoryUsage of job (MB)
	4645280  -  ResidentSetSize of job (KB)
...
006 (528278.000.000) 06/30 18:52:28 Image size of job updated: 5107684
	4537  -  MemoryUsage of job (MB)
	4645280  -  ResidentSetSize of job (KB)
...
006 (528278.000.000) 06/30 18:57:28 Image size of job updated: 5111352
	4537  -  MemoryUsage of job (MB)
	4645280  -  ResidentSetSize of job (KB)
...
006 (528278.000.000) 06/30 19:02:29 Image size of job updated: 5116332
	4537  -  MemoryUsage of job (MB)
	4645280  -  ResidentSetSize of job (KB)
...
006 (528278.000.000) 06/30 19:07:29 Image size of job updated: 5120176
	4537  -  MemoryUsage of job (MB)
	4645280  -  ResidentSetSize of job (KB)
...
040 (528278.000.000) 06/30 19:09:39 Started transferring output files
...
040 (528278.000.000) 06/30 19:09:39 Finished transferring output files
...
005 (528278.000.000) 06/30 19:09:39 Job terminated.
	(1) Normal termination (return value 1)
		Usr 0 05:17:34, Sys 0 00:04:30  -  Run Remote Usage
		Usr 0 00:00:00, Sys 0 00:00:00  -  Run Local Usage
		Usr 0 05:17:34, Sys 0 00:04:30  -  Total Remote Usage
		Usr 0 00:00:00, Sys 0 00:00:00  -  Total Local Usage
	28120  -  Run Bytes Sent By Job
	16635  -  Run Bytes Received By Job
	28120  -  Total Bytes Sent By Job
	16635  -  Total Bytes Received By Job
	Partitionable Resources :      Usage  Request Allocated Assigned
	   Cpus                 :       1.00        1         1 
	   Disk (KB)            : 1811951          17    201224 
	   Gpus                 :                   1         1 "CUDA2"
	   Memory (MB)          :    4537        2000      2000 
...
