000 (531269.000.000) 07/01 22:11:17 Job submitted from host: <137.138.44.55:9618?addrs=137.138.44.55-9618+[2001-1458-d00-1a--48]-9618&alias=bigbird17.cern.ch&noUDP&sock=schedd_2910_98af_206>
...
040 (531269.000.000) 07/01 22:12:05 Started transferring input files
	Transferring to host: <128.142.241.9:9618?addrs=128.142.241.9-9618+[2001-1458-301-ce--100-3de]-9618&alias=b7g47n0001.cern.ch&noUDP&sock=starter_3331_bda1_17606>
...
040 (531269.000.000) 07/01 22:12:05 Finished transferring input files
...
001 (531269.000.000) 07/01 22:12:06 Job executing on host: <128.142.241.9:9618?addrs=128.142.241.9-9618+[2001-1458-301-ce--100-3de]-9618&alias=b7g47n0001.cern.ch&noUDP&sock=startd_2397_b89a_3>
...
006 (531269.000.000) 07/01 22:12:15 Image size of job updated: 1952580
	1907  -  MemoryUsage of job (MB)
	1952580  -  ResidentSetSize of job (KB)
...
006 (531269.000.000) 07/01 22:13:31 Image size of job updated: 1952580
	1909  -  MemoryUsage of job (MB)
	1954520  -  ResidentSetSize of job (KB)
...
040 (531269.000.000) 07/01 22:13:31 Started transferring output files
...
040 (531269.000.000) 07/01 22:13:31 Finished transferring output files
...
005 (531269.000.000) 07/01 22:13:31 Job terminated.
	(1) Normal termination (return value 0)
		Usr 0 00:00:59, Sys 0 00:00:18  -  Run Remote Usage
		Usr 0 00:00:00, Sys 0 00:00:00  -  Run Local Usage
		Usr 0 00:00:59, Sys 0 00:00:18  -  Total Remote Usage
		Usr 0 00:00:00, Sys 0 00:00:00  -  Total Local Usage
	17770  -  Run Bytes Sent By Job
	21635  -  Run Bytes Received By Job
	17770  -  Total Bytes Sent By Job
	21635  -  Total Bytes Received By Job
	Partitionable Resources :      Usage  Request Allocated Assigned
	   Cpus                 :       0.86        1         1 
	   Disk (KB)            : 1767283          22    210742 
	   Gpus                 :                   1         1 "CUDA1"
	   Memory (MB)          :    1909        2000      2000 
...
