000 (523488.000.000) 06/27 19:08:35 Job submitted from host: <137.138.44.55:9618?addrs=137.138.44.55-9618+[2001-1458-d00-1a--48]-9618&alias=bigbird17.cern.ch&noUDP&sock=schedd_2910_98af_206>
...
040 (523488.000.000) 06/27 19:11:58 Started transferring input files
	Transferring to host: <128.142.241.20:9618?addrs=128.142.241.20-9618+[2001-1458-301-ce--100-1b]-9618&alias=b7g47n0002.cern.ch&noUDP&sock=starter_16823_1345_15974>
...
040 (523488.000.000) 06/27 19:11:58 Finished transferring input files
...
001 (523488.000.000) 06/27 19:11:59 Job executing on host: <128.142.241.20:9618?addrs=128.142.241.20-9618+[2001-1458-301-ce--100-1b]-9618&alias=b7g47n0002.cern.ch&noUDP&sock=startd_16783_520e_3>
...
006 (523488.000.000) 06/27 19:12:08 Image size of job updated: 176484
	173  -  MemoryUsage of job (MB)
	176484  -  ResidentSetSize of job (KB)
...
006 (523488.000.000) 06/27 19:14:16 Image size of job updated: 176484
	173  -  MemoryUsage of job (MB)
	177052  -  ResidentSetSize of job (KB)
...
040 (523488.000.000) 06/27 19:14:17 Started transferring output files
...
040 (523488.000.000) 06/27 19:14:17 Finished transferring output files
...
005 (523488.000.000) 06/27 19:14:17 Job terminated.
	(1) Normal termination (return value 1)
		Usr 0 00:00:59, Sys 0 00:00:29  -  Run Remote Usage
		Usr 0 00:00:00, Sys 0 00:00:00  -  Run Local Usage
		Usr 0 00:00:59, Sys 0 00:00:29  -  Total Remote Usage
		Usr 0 00:00:00, Sys 0 00:00:00  -  Total Local Usage
	19207  -  Run Bytes Sent By Job
	12448  -  Run Bytes Received By Job
	19207  -  Total Bytes Sent By Job
	12448  -  Total Bytes Received By Job
	Partitionable Resources :      Usage  Request Allocated Assigned
	   Cpus                 :       0.27        1         1 
	   Disk (KB)            : 1779703          15    187258 
	   Gpus                 :                   1         1 "CUDA0"
	   Memory (MB)          :     173        2000      2000 
...
