000 (531268.000.000) 07/01 22:09:59 Job submitted from host: <137.138.44.55:9618?addrs=137.138.44.55-9618+[2001-1458-d00-1a--48]-9618&alias=bigbird17.cern.ch&noUDP&sock=schedd_2910_98af_206>
...
040 (531268.000.000) 07/01 22:10:47 Started transferring input files
	Transferring to host: <128.142.241.9:9618?addrs=128.142.241.9-9618+[2001-1458-301-ce--100-3de]-9618&alias=b7g47n0001.cern.ch&noUDP&sock=starter_3331_bda1_17605>
...
040 (531268.000.000) 07/01 22:10:47 Finished transferring input files
...
001 (531268.000.000) 07/01 22:10:48 Job executing on host: <128.142.241.9:9618?addrs=128.142.241.9-9618+[2001-1458-301-ce--100-3de]-9618&alias=b7g47n0001.cern.ch&noUDP&sock=startd_2397_b89a_3>
...
006 (531268.000.000) 07/01 22:10:57 Image size of job updated: 249960
	245  -  MemoryUsage of job (MB)
	249960  -  ResidentSetSize of job (KB)
...
040 (531268.000.000) 07/01 22:12:55 Started transferring output files
...
040 (531268.000.000) 07/01 22:12:55 Finished transferring output files
...
005 (531268.000.000) 07/01 22:12:55 Job terminated.
	(1) Normal termination (return value 0)
		Usr 0 00:00:58, Sys 0 00:00:32  -  Run Remote Usage
		Usr 0 00:00:00, Sys 0 00:00:00  -  Run Local Usage
		Usr 0 00:00:58, Sys 0 00:00:32  -  Total Remote Usage
		Usr 0 00:00:00, Sys 0 00:00:00  -  Total Local Usage
	17770  -  Run Bytes Sent By Job
	21630  -  Run Bytes Received By Job
	17770  -  Total Bytes Sent By Job
	21630  -  Total Bytes Received By Job
	Partitionable Resources :      Usage  Request Allocated Assigned
	   Cpus                 :       0.55        1         1 
	   Disk (KB)            : 1767283          22    212428 
	   Gpus                 :                   1         1 "CUDA0"
	   Memory (MB)          :     245        2000      2000 
...
