000 (523491.000.000) 06/27 19:18:16 Job submitted from host: <137.138.44.55:9618?addrs=137.138.44.55-9618+[2001-1458-d00-1a--48]-9618&alias=bigbird17.cern.ch&noUDP&sock=schedd_2910_98af_206>
...
040 (523491.000.000) 06/27 19:18:42 Started transferring input files
	Transferring to host: <128.142.241.20:9618?addrs=128.142.241.20-9618+[2001-1458-301-ce--100-1b]-9618&alias=b7g47n0002.cern.ch&noUDP&sock=starter_16823_1345_15978>
...
040 (523491.000.000) 06/27 19:18:42 Finished transferring input files
...
001 (523491.000.000) 06/27 19:18:43 Job executing on host: <128.142.241.20:9618?addrs=128.142.241.20-9618+[2001-1458-301-ce--100-1b]-9618&alias=b7g47n0002.cern.ch&noUDP&sock=startd_16783_520e_3>
...
006 (523491.000.000) 06/27 19:18:51 Image size of job updated: 1781716
	1740  -  MemoryUsage of job (MB)
	1781716  -  ResidentSetSize of job (KB)
...
006 (523491.000.000) 06/27 19:23:51 Image size of job updated: 4834596
	4482  -  MemoryUsage of job (MB)
	4589216  -  ResidentSetSize of job (KB)
...
006 (523491.000.000) 06/27 19:28:52 Image size of job updated: 4840856
	4488  -  MemoryUsage of job (MB)
	4595472  -  ResidentSetSize of job (KB)
...
006 (523491.000.000) 06/27 19:33:52 Image size of job updated: 4840856
	4488  -  MemoryUsage of job (MB)
	4595620  -  ResidentSetSize of job (KB)
...
006 (523491.000.000) 06/27 19:43:54 Image size of job updated: 4856680
	4504  -  MemoryUsage of job (MB)
	4611296  -  ResidentSetSize of job (KB)
...
006 (523491.000.000) 06/27 19:48:55 Image size of job updated: 4862184
	4509  -  MemoryUsage of job (MB)
	4616800  -  ResidentSetSize of job (KB)
...
006 (523491.000.000) 06/27 19:53:55 Image size of job updated: 4867268
	4514  -  MemoryUsage of job (MB)
	4621884  -  ResidentSetSize of job (KB)
...
006 (523491.000.000) 06/27 19:58:56 Image size of job updated: 4873532
	4520  -  MemoryUsage of job (MB)
	4628148  -  ResidentSetSize of job (KB)
...
006 (523491.000.000) 06/27 20:03:56 Image size of job updated: 4878944
	4525  -  MemoryUsage of job (MB)
	4633560  -  ResidentSetSize of job (KB)
...
006 (523491.000.000) 06/27 20:08:56 Image size of job updated: 4885968
	4532  -  MemoryUsage of job (MB)
	4640584  -  ResidentSetSize of job (KB)
...
006 (523491.000.000) 06/27 20:13:57 Image size of job updated: 4889944
	4536  -  MemoryUsage of job (MB)
	4644560  -  ResidentSetSize of job (KB)
...
006 (523491.000.000) 06/27 20:18:57 Image size of job updated: 4894176
	4540  -  MemoryUsage of job (MB)
	4648792  -  ResidentSetSize of job (KB)
...
006 (523491.000.000) 06/27 20:23:58 Image size of job updated: 4898632
	4545  -  MemoryUsage of job (MB)
	4653248  -  ResidentSetSize of job (KB)
...
006 (523491.000.000) 06/27 20:34:00 Image size of job updated: 4908052
	4554  -  MemoryUsage of job (MB)
	4662668  -  ResidentSetSize of job (KB)
...
006 (523491.000.000) 06/27 20:39:00 Image size of job updated: 4913660
	4559  -  MemoryUsage of job (MB)
	4668276  -  ResidentSetSize of job (KB)
...
006 (523491.000.000) 06/27 20:49:01 Image size of job updated: 4923024
	4569  -  MemoryUsage of job (MB)
	4677640  -  ResidentSetSize of job (KB)
...
006 (523491.000.000) 06/27 20:54:02 Image size of job updated: 4927892
	4573  -  MemoryUsage of job (MB)
	4682508  -  ResidentSetSize of job (KB)
...
006 (523491.000.000) 06/27 20:59:02 Image size of job updated: 4927892
	4573  -  MemoryUsage of job (MB)
	4682556  -  ResidentSetSize of job (KB)
...
006 (523491.000.000) 06/27 21:04:02 Image size of job updated: 4939640
	4585  -  MemoryUsage of job (MB)
	4694256  -  ResidentSetSize of job (KB)
...
006 (523491.000.000) 06/27 21:09:03 Image size of job updated: 4943140
	4588  -  MemoryUsage of job (MB)
	4697756  -  ResidentSetSize of job (KB)
...
006 (523491.000.000) 06/27 21:14:03 Image size of job updated: 4947228
	4592  -  MemoryUsage of job (MB)
	4701844  -  ResidentSetSize of job (KB)
...
006 (523491.000.000) 06/27 21:19:04 Image size of job updated: 4951124
	4596  -  MemoryUsage of job (MB)
	4705740  -  ResidentSetSize of job (KB)
...
006 (523491.000.000) 06/27 21:24:04 Image size of job updated: 4951124
	4596  -  MemoryUsage of job (MB)
	4705744  -  ResidentSetSize of job (KB)
...
006 (523491.000.000) 06/27 21:29:05 Image size of job updated: 4960828
	4605  -  MemoryUsage of job (MB)
	4715444  -  ResidentSetSize of job (KB)
...
006 (523491.000.000) 06/27 21:34:05 Image size of job updated: 4967852
	4612  -  MemoryUsage of job (MB)
	4722468  -  ResidentSetSize of job (KB)
...
006 (523491.000.000) 06/27 21:39:06 Image size of job updated: 4971560
	4616  -  MemoryUsage of job (MB)
	4726176  -  ResidentSetSize of job (KB)
...
006 (523491.000.000) 06/27 21:44:06 Image size of job updated: 4975304
	4620  -  MemoryUsage of job (MB)
	4729920  -  ResidentSetSize of job (KB)
...
006 (523491.000.000) 06/27 21:49:07 Image size of job updated: 4979088
	4623  -  MemoryUsage of job (MB)
	4733704  -  ResidentSetSize of job (KB)
...
006 (523491.000.000) 06/27 21:54:07 Image size of job updated: 4983424
	4627  -  MemoryUsage of job (MB)
	4738040  -  ResidentSetSize of job (KB)
...
006 (523491.000.000) 06/27 21:59:08 Image size of job updated: 4987268
	4631  -  MemoryUsage of job (MB)
	4741884  -  ResidentSetSize of job (KB)
...
006 (523491.000.000) 06/27 22:09:09 Image size of job updated: 4997300
	4641  -  MemoryUsage of job (MB)
	4751916  -  ResidentSetSize of job (KB)
...
006 (523491.000.000) 06/27 22:19:09 Image size of job updated: 5006360
	4650  -  MemoryUsage of job (MB)
	4760976  -  ResidentSetSize of job (KB)
...
006 (523491.000.000) 06/27 22:24:10 Image size of job updated: 5012244
	4656  -  MemoryUsage of job (MB)
	4766860  -  ResidentSetSize of job (KB)
...
006 (523491.000.000) 06/27 22:29:10 Image size of job updated: 5015828
	4659  -  MemoryUsage of job (MB)
	4770444  -  ResidentSetSize of job (KB)
...
006 (523491.000.000) 06/27 22:39:11 Image size of job updated: 5023500
	4667  -  MemoryUsage of job (MB)
	4778116  -  ResidentSetSize of job (KB)
...
006 (523491.000.000) 06/27 22:44:12 Image size of job updated: 5029320
	4672  -  MemoryUsage of job (MB)
	4783936  -  ResidentSetSize of job (KB)
...
006 (523491.000.000) 06/27 22:49:12 Image size of job updated: 5033172
	4676  -  MemoryUsage of job (MB)
	4787788  -  ResidentSetSize of job (KB)
...
006 (523491.000.000) 06/27 22:54:14 Image size of job updated: 5036540
	4679  -  MemoryUsage of job (MB)
	4791156  -  ResidentSetSize of job (KB)
...
006 (523491.000.000) 06/27 22:59:14 Image size of job updated: 5040720
	4683  -  MemoryUsage of job (MB)
	4795336  -  ResidentSetSize of job (KB)
...
006 (523491.000.000) 06/27 23:04:14 Image size of job updated: 5045960
	4689  -  MemoryUsage of job (MB)
	4800576  -  ResidentSetSize of job (KB)
...
006 (523491.000.000) 06/27 23:09:15 Image size of job updated: 5049864
	4692  -  MemoryUsage of job (MB)
	4804480  -  ResidentSetSize of job (KB)
...
006 (523491.000.000) 06/27 23:14:15 Image size of job updated: 5053488
	4696  -  MemoryUsage of job (MB)
	4808104  -  ResidentSetSize of job (KB)
...
006 (523491.000.000) 06/27 23:19:16 Image size of job updated: 5057108
	4699  -  MemoryUsage of job (MB)
	4811724  -  ResidentSetSize of job (KB)
...
006 (523491.000.000) 06/27 23:29:18 Image size of job updated: 5068420
	4710  -  MemoryUsage of job (MB)
	4823036  -  ResidentSetSize of job (KB)
...
006 (523491.000.000) 06/27 23:34:18 Image size of job updated: 5068420
	4710  -  MemoryUsage of job (MB)
	4823040  -  ResidentSetSize of job (KB)
...
006 (523491.000.000) 06/27 23:39:19 Image size of job updated: 5074764
	4717  -  MemoryUsage of job (MB)
	4829380  -  ResidentSetSize of job (KB)
...
006 (523491.000.000) 06/27 23:44:19 Image size of job updated: 5078444
	4720  -  MemoryUsage of job (MB)
	4833060  -  ResidentSetSize of job (KB)
...
006 (523491.000.000) 06/27 23:49:19 Image size of job updated: 5082088
	4724  -  MemoryUsage of job (MB)
	4836704  -  ResidentSetSize of job (KB)
...
006 (523491.000.000) 06/27 23:54:20 Image size of job updated: 5086748
	4728  -  MemoryUsage of job (MB)
	4841364  -  ResidentSetSize of job (KB)
...
006 (523491.000.000) 06/27 23:59:20 Image size of job updated: 5091484
	4733  -  MemoryUsage of job (MB)
	4846100  -  ResidentSetSize of job (KB)
...
006 (523491.000.000) 06/28 00:04:21 Image size of job updated: 5095824
	4737  -  MemoryUsage of job (MB)
	4850440  -  ResidentSetSize of job (KB)
...
006 (523491.000.000) 06/28 00:09:21 Image size of job updated: 5100172
	4742  -  MemoryUsage of job (MB)
	4854788  -  ResidentSetSize of job (KB)
...
006 (523491.000.000) 06/28 00:14:22 Image size of job updated: 5104272
	4746  -  MemoryUsage of job (MB)
	4858888  -  ResidentSetSize of job (KB)
...
006 (523491.000.000) 06/28 00:19:22 Image size of job updated: 5108720
	4750  -  MemoryUsage of job (MB)
	4863336  -  ResidentSetSize of job (KB)
...
006 (523491.000.000) 06/28 00:24:23 Image size of job updated: 5112788
	4754  -  MemoryUsage of job (MB)
	4867404  -  ResidentSetSize of job (KB)
...
006 (523491.000.000) 06/28 00:29:23 Image size of job updated: 5116764
	4758  -  MemoryUsage of job (MB)
	4871380  -  ResidentSetSize of job (KB)
...
006 (523491.000.000) 06/28 00:34:24 Image size of job updated: 5120988
	4762  -  MemoryUsage of job (MB)
	4875604  -  ResidentSetSize of job (KB)
...
006 (523491.000.000) 06/28 00:39:24 Image size of job updated: 5125076
	4766  -  MemoryUsage of job (MB)
	4879692  -  ResidentSetSize of job (KB)
...
006 (523491.000.000) 06/28 00:44:25 Image size of job updated: 5129192
	4770  -  MemoryUsage of job (MB)
	4883808  -  ResidentSetSize of job (KB)
...
006 (523491.000.000) 06/28 00:49:25 Image size of job updated: 5129192
	4770  -  MemoryUsage of job (MB)
	4883812  -  ResidentSetSize of job (KB)
...
006 (523491.000.000) 06/28 00:54:25 Image size of job updated: 5138384
	4779  -  MemoryUsage of job (MB)
	4893000  -  ResidentSetSize of job (KB)
...
006 (523491.000.000) 06/28 01:04:26 Image size of job updated: 5146884
	4787  -  MemoryUsage of job (MB)
	4901500  -  ResidentSetSize of job (KB)
...
006 (523491.000.000) 06/28 01:14:27 Image size of job updated: 5156000
	4796  -  MemoryUsage of job (MB)
	4910616  -  ResidentSetSize of job (KB)
...
006 (523491.000.000) 06/28 01:19:28 Image size of job updated: 5160544
	4800  -  MemoryUsage of job (MB)
	4915160  -  ResidentSetSize of job (KB)
...
006 (523491.000.000) 06/28 01:24:28 Image size of job updated: 5164924
	4805  -  MemoryUsage of job (MB)
	4919540  -  ResidentSetSize of job (KB)
...
006 (523491.000.000) 06/28 01:29:30 Image size of job updated: 5169088
	4809  -  MemoryUsage of job (MB)
	4923704  -  ResidentSetSize of job (KB)
...
006 (523491.000.000) 06/28 01:34:30 Image size of job updated: 5173276
	4813  -  MemoryUsage of job (MB)
	4927892  -  ResidentSetSize of job (KB)
...
006 (523491.000.000) 06/28 01:39:31 Image size of job updated: 5177164
	4817  -  MemoryUsage of job (MB)
	4931780  -  ResidentSetSize of job (KB)
...
006 (523491.000.000) 06/28 01:44:31 Image size of job updated: 5181600
	4821  -  MemoryUsage of job (MB)
	4936216  -  ResidentSetSize of job (KB)
...
006 (523491.000.000) 06/28 01:54:32 Image size of job updated: 5189888
	4829  -  MemoryUsage of job (MB)
	4944504  -  ResidentSetSize of job (KB)
...
006 (523491.000.000) 06/28 02:04:33 Image size of job updated: 5198408
	4837  -  MemoryUsage of job (MB)
	4953024  -  ResidentSetSize of job (KB)
...
006 (523491.000.000) 06/28 02:09:33 Image size of job updated: 5203008
	4842  -  MemoryUsage of job (MB)
	4957624  -  ResidentSetSize of job (KB)
...
006 (523491.000.000) 06/28 02:14:34 Image size of job updated: 5207208
	4846  -  MemoryUsage of job (MB)
	4961824  -  ResidentSetSize of job (KB)
...
006 (523491.000.000) 06/28 02:19:34 Image size of job updated: 5210828
	4850  -  MemoryUsage of job (MB)
	4965444  -  ResidentSetSize of job (KB)
...
006 (523491.000.000) 06/28 02:24:35 Image size of job updated: 5215540
	4854  -  MemoryUsage of job (MB)
	4970156  -  ResidentSetSize of job (KB)
...
006 (523491.000.000) 06/28 02:29:35 Image size of job updated: 5219932
	4858  -  MemoryUsage of job (MB)
	4974548  -  ResidentSetSize of job (KB)
...
006 (523491.000.000) 06/28 02:34:36 Image size of job updated: 5224440
	4863  -  MemoryUsage of job (MB)
	4979056  -  ResidentSetSize of job (KB)
...
006 (523491.000.000) 06/28 02:39:36 Image size of job updated: 5229148
	4867  -  MemoryUsage of job (MB)
	4983764  -  ResidentSetSize of job (KB)
...
006 (523491.000.000) 06/28 02:44:36 Image size of job updated: 5232540
	4871  -  MemoryUsage of job (MB)
	4987156  -  ResidentSetSize of job (KB)
...
006 (523491.000.000) 06/28 02:49:37 Image size of job updated: 5236552
	4875  -  MemoryUsage of job (MB)
	4991168  -  ResidentSetSize of job (KB)
...
006 (523491.000.000) 06/28 02:54:37 Image size of job updated: 5241184
	4879  -  MemoryUsage of job (MB)
	4995800  -  ResidentSetSize of job (KB)
...
006 (523491.000.000) 06/28 02:59:38 Image size of job updated: 5245252
	4883  -  MemoryUsage of job (MB)
	4999868  -  ResidentSetSize of job (KB)
...
006 (523491.000.000) 06/28 03:04:38 Image size of job updated: 5250220
	4888  -  MemoryUsage of job (MB)
	5004836  -  ResidentSetSize of job (KB)
...
006 (523491.000.000) 06/28 03:09:39 Image size of job updated: 5254460
	4892  -  MemoryUsage of job (MB)
	5009076  -  ResidentSetSize of job (KB)
...
006 (523491.000.000) 06/28 03:14:39 Image size of job updated: 5258768
	4896  -  MemoryUsage of job (MB)
	5013384  -  ResidentSetSize of job (KB)
...
006 (523491.000.000) 06/28 03:19:40 Image size of job updated: 5262860
	4900  -  MemoryUsage of job (MB)
	5017476  -  ResidentSetSize of job (KB)
...
006 (523491.000.000) 06/28 03:24:40 Image size of job updated: 5267264
	4905  -  MemoryUsage of job (MB)
	5021880  -  ResidentSetSize of job (KB)
...
006 (523491.000.000) 06/28 03:29:41 Image size of job updated: 5270912
	4908  -  MemoryUsage of job (MB)
	5025528  -  ResidentSetSize of job (KB)
...
006 (523491.000.000) 06/28 03:34:41 Image size of job updated: 5275832
	4913  -  MemoryUsage of job (MB)
	5030448  -  ResidentSetSize of job (KB)
...
006 (523491.000.000) 06/28 03:39:42 Image size of job updated: 5280080
	4917  -  MemoryUsage of job (MB)
	5034696  -  ResidentSetSize of job (KB)
...
006 (523491.000.000) 06/28 03:44:42 Image size of job updated: 5284264
	4921  -  MemoryUsage of job (MB)
	5038880  -  ResidentSetSize of job (KB)
...
006 (523491.000.000) 06/28 03:49:44 Image size of job updated: 5289504
	4926  -  MemoryUsage of job (MB)
	5044120  -  ResidentSetSize of job (KB)
...
006 (523491.000.000) 06/28 03:54:44 Image size of job updated: 5292816
	4930  -  MemoryUsage of job (MB)
	5047432  -  ResidentSetSize of job (KB)
...
006 (523491.000.000) 06/28 03:59:45 Image size of job updated: 5297064
	4934  -  MemoryUsage of job (MB)
	5051680  -  ResidentSetSize of job (KB)
...
006 (523491.000.000) 06/28 04:04:45 Image size of job updated: 5301792
	4938  -  MemoryUsage of job (MB)
	5056408  -  ResidentSetSize of job (KB)
...
006 (523491.000.000) 06/28 04:09:45 Image size of job updated: 5305496
	4942  -  MemoryUsage of job (MB)
	5060112  -  ResidentSetSize of job (KB)
...
006 (523491.000.000) 06/28 04:14:46 Image size of job updated: 5309580
	4946  -  MemoryUsage of job (MB)
	5064196  -  ResidentSetSize of job (KB)
...
006 (523491.000.000) 06/28 04:19:46 Image size of job updated: 5313532
	4950  -  MemoryUsage of job (MB)
	5068148  -  ResidentSetSize of job (KB)
...
006 (523491.000.000) 06/28 04:24:47 Image size of job updated: 5318520
	4955  -  MemoryUsage of job (MB)
	5073136  -  ResidentSetSize of job (KB)
...
006 (523491.000.000) 06/28 04:29:47 Image size of job updated: 5322676
	4959  -  MemoryUsage of job (MB)
	5077292  -  ResidentSetSize of job (KB)
...
006 (523491.000.000) 06/28 04:34:48 Image size of job updated: 5322676
	4959  -  MemoryUsage of job (MB)
	5077296  -  ResidentSetSize of job (KB)
...
006 (523491.000.000) 06/28 04:39:48 Image size of job updated: 5331664
	4968  -  MemoryUsage of job (MB)
	5086280  -  ResidentSetSize of job (KB)
...
006 (523491.000.000) 06/28 04:44:49 Image size of job updated: 5331664
	4968  -  MemoryUsage of job (MB)
	5086380  -  ResidentSetSize of job (KB)
...
006 (523491.000.000) 06/28 04:49:49 Image size of job updated: 5343096
	4979  -  MemoryUsage of job (MB)
	5097712  -  ResidentSetSize of job (KB)
...
006 (523491.000.000) 06/28 04:54:50 Image size of job updated: 5346440
	4982  -  MemoryUsage of job (MB)
	5101056  -  ResidentSetSize of job (KB)
...
006 (523491.000.000) 06/28 04:59:50 Image size of job updated: 5349512
	4985  -  MemoryUsage of job (MB)
	5104128  -  ResidentSetSize of job (KB)
...
006 (523491.000.000) 06/28 05:04:51 Image size of job updated: 5353000
	4988  -  MemoryUsage of job (MB)
	5107616  -  ResidentSetSize of job (KB)
...
006 (523491.000.000) 06/28 05:09:51 Image size of job updated: 5358336
	4994  -  MemoryUsage of job (MB)
	5112952  -  ResidentSetSize of job (KB)
...
006 (523491.000.000) 06/28 05:14:52 Image size of job updated: 5361848
	4997  -  MemoryUsage of job (MB)
	5116464  -  ResidentSetSize of job (KB)
...
006 (523491.000.000) 06/28 05:24:53 Image size of job updated: 5368580
	5004  -  MemoryUsage of job (MB)
	5123196  -  ResidentSetSize of job (KB)
...
006 (523491.000.000) 06/28 05:29:53 Image size of job updated: 5368580
	5004  -  MemoryUsage of job (MB)
	5123312  -  ResidentSetSize of job (KB)
...
006 (523491.000.000) 06/28 05:34:53 Image size of job updated: 5378828
	5014  -  MemoryUsage of job (MB)
	5133444  -  ResidentSetSize of job (KB)
...
006 (523491.000.000) 06/28 05:39:53 Image size of job updated: 5382372
	5017  -  MemoryUsage of job (MB)
	5136988  -  ResidentSetSize of job (KB)
...
006 (523491.000.000) 06/28 05:44:55 Image size of job updated: 5385376
	5020  -  MemoryUsage of job (MB)
	5139992  -  ResidentSetSize of job (KB)
...
006 (523491.000.000) 06/28 05:49:55 Image size of job updated: 5389108
	5024  -  MemoryUsage of job (MB)
	5143724  -  ResidentSetSize of job (KB)
...
006 (523491.000.000) 06/28 05:54:56 Image size of job updated: 5393416
	5028  -  MemoryUsage of job (MB)
	5148032  -  ResidentSetSize of job (KB)
...
006 (523491.000.000) 06/28 05:59:56 Image size of job updated: 5397428
	5032  -  MemoryUsage of job (MB)
	5152044  -  ResidentSetSize of job (KB)
...
006 (523491.000.000) 06/28 06:09:57 Image size of job updated: 5405420
	5040  -  MemoryUsage of job (MB)
	5160036  -  ResidentSetSize of job (KB)
...
006 (523491.000.000) 06/28 06:14:57 Image size of job updated: 5409360
	5043  -  MemoryUsage of job (MB)
	5163976  -  ResidentSetSize of job (KB)
...
006 (523491.000.000) 06/28 06:19:58 Image size of job updated: 5420344
	5054  -  MemoryUsage of job (MB)
	5174960  -  ResidentSetSize of job (KB)
...
006 (523491.000.000) 06/28 06:24:58 Image size of job updated: 5423592
	5057  -  MemoryUsage of job (MB)
	5178208  -  ResidentSetSize of job (KB)
...
006 (523491.000.000) 06/28 06:29:59 Image size of job updated: 5426920
	5061  -  MemoryUsage of job (MB)
	5181536  -  ResidentSetSize of job (KB)
...
006 (523491.000.000) 06/28 06:34:59 Image size of job updated: 5430504
	5064  -  MemoryUsage of job (MB)
	5185120  -  ResidentSetSize of job (KB)
...
006 (523491.000.000) 06/28 06:40:00 Image size of job updated: 5433612
	5067  -  MemoryUsage of job (MB)
	5188228  -  ResidentSetSize of job (KB)
...
006 (523491.000.000) 06/28 06:45:00 Image size of job updated: 5437340
	5071  -  MemoryUsage of job (MB)
	5191956  -  ResidentSetSize of job (KB)
...
006 (523491.000.000) 06/28 06:50:01 Image size of job updated: 5437340
	5071  -  MemoryUsage of job (MB)
	5191960  -  ResidentSetSize of job (KB)
...
006 (523491.000.000) 06/28 06:55:01 Image size of job updated: 5444072
	5077  -  MemoryUsage of job (MB)
	5198688  -  ResidentSetSize of job (KB)
...
006 (523491.000.000) 06/28 07:05:02 Image size of job updated: 5452288
	5085  -  MemoryUsage of job (MB)
	5206904  -  ResidentSetSize of job (KB)
...
006 (523491.000.000) 06/28 07:10:03 Image size of job updated: 5456512
	5089  -  MemoryUsage of job (MB)
	5211128  -  ResidentSetSize of job (KB)
...
006 (523491.000.000) 06/28 07:15:03 Image size of job updated: 5460908
	5094  -  MemoryUsage of job (MB)
	5215524  -  ResidentSetSize of job (KB)
...
006 (523491.000.000) 06/28 07:25:04 Image size of job updated: 5468192
	5101  -  MemoryUsage of job (MB)
	5222808  -  ResidentSetSize of job (KB)
...
006 (523491.000.000) 06/28 07:35:05 Image size of job updated: 5476660
	5109  -  MemoryUsage of job (MB)
	5231276  -  ResidentSetSize of job (KB)
...
006 (523491.000.000) 06/28 07:40:05 Image size of job updated: 5480324
	5113  -  MemoryUsage of job (MB)
	5234940  -  ResidentSetSize of job (KB)
...
006 (523491.000.000) 06/28 07:45:06 Image size of job updated: 5485084
	5117  -  MemoryUsage of job (MB)
	5239700  -  ResidentSetSize of job (KB)
...
006 (523491.000.000) 06/28 07:50:06 Image size of job updated: 5489052
	5121  -  MemoryUsage of job (MB)
	5243668  -  ResidentSetSize of job (KB)
...
006 (523491.000.000) 06/28 08:00:07 Image size of job updated: 5497224
	5129  -  MemoryUsage of job (MB)
	5251840  -  ResidentSetSize of job (KB)
...
006 (523491.000.000) 06/28 08:05:08 Image size of job updated: 5501200
	5133  -  MemoryUsage of job (MB)
	5255816  -  ResidentSetSize of job (KB)
...
006 (523491.000.000) 06/28 08:10:08 Image size of job updated: 5507472
	5139  -  MemoryUsage of job (MB)
	5262088  -  ResidentSetSize of job (KB)
...
006 (523491.000.000) 06/28 08:15:09 Image size of job updated: 5510864
	5143  -  MemoryUsage of job (MB)
	5265480  -  ResidentSetSize of job (KB)
...
006 (523491.000.000) 06/28 08:20:09 Image size of job updated: 5514152
	5146  -  MemoryUsage of job (MB)
	5268768  -  ResidentSetSize of job (KB)
...
006 (523491.000.000) 06/28 08:25:10 Image size of job updated: 5517292
	5149  -  MemoryUsage of job (MB)
	5271908  -  ResidentSetSize of job (KB)
...
006 (523491.000.000) 06/28 08:30:10 Image size of job updated: 5520924
	5152  -  MemoryUsage of job (MB)
	5275540  -  ResidentSetSize of job (KB)
...
006 (523491.000.000) 06/28 08:35:10 Image size of job updated: 5525544
	5157  -  MemoryUsage of job (MB)
	5280160  -  ResidentSetSize of job (KB)
...
006 (523491.000.000) 06/28 08:40:11 Image size of job updated: 5529504
	5161  -  MemoryUsage of job (MB)
	5284120  -  ResidentSetSize of job (KB)
...
006 (523491.000.000) 06/28 08:45:11 Image size of job updated: 5533572
	5165  -  MemoryUsage of job (MB)
	5288188  -  ResidentSetSize of job (KB)
...
006 (523491.000.000) 06/28 08:50:12 Image size of job updated: 5539312
	5170  -  MemoryUsage of job (MB)
	5293928  -  ResidentSetSize of job (KB)
...
006 (523491.000.000) 06/28 08:55:12 Image size of job updated: 5542652
	5174  -  MemoryUsage of job (MB)
	5297268  -  ResidentSetSize of job (KB)
...
006 (523491.000.000) 06/28 09:00:13 Image size of job updated: 5545956
	5177  -  MemoryUsage of job (MB)
	5300572  -  ResidentSetSize of job (KB)
...
006 (523491.000.000) 06/28 09:05:13 Image size of job updated: 5549636
	5180  -  MemoryUsage of job (MB)
	5304252  -  ResidentSetSize of job (KB)
...
006 (523491.000.000) 06/28 09:10:15 Image size of job updated: 5554220
	5185  -  MemoryUsage of job (MB)
	5308836  -  ResidentSetSize of job (KB)
...
006 (523491.000.000) 06/28 09:15:15 Image size of job updated: 5558392
	5189  -  MemoryUsage of job (MB)
	5313008  -  ResidentSetSize of job (KB)
...
006 (523491.000.000) 06/28 09:25:16 Image size of job updated: 5566532
	5197  -  MemoryUsage of job (MB)
	5321148  -  ResidentSetSize of job (KB)
...
006 (523491.000.000) 06/28 09:30:16 Image size of job updated: 5566532
	5197  -  MemoryUsage of job (MB)
	5321192  -  ResidentSetSize of job (KB)
...
006 (523491.000.000) 06/28 09:35:17 Image size of job updated: 5577184
	5207  -  MemoryUsage of job (MB)
	5331800  -  ResidentSetSize of job (KB)
...
006 (523491.000.000) 06/28 09:40:17 Image size of job updated: 5580564
	5211  -  MemoryUsage of job (MB)
	5335180  -  ResidentSetSize of job (KB)
...
006 (523491.000.000) 06/28 09:45:19 Image size of job updated: 5583648
	5214  -  MemoryUsage of job (MB)
	5338264  -  ResidentSetSize of job (KB)
...
006 (523491.000.000) 06/28 09:50:19 Image size of job updated: 5587244
	5217  -  MemoryUsage of job (MB)
	5341860  -  ResidentSetSize of job (KB)
...
006 (523491.000.000) 06/28 09:55:20 Image size of job updated: 5591968
	5222  -  MemoryUsage of job (MB)
	5346584  -  ResidentSetSize of job (KB)
...
006 (523491.000.000) 06/28 10:00:20 Image size of job updated: 5595348
	5225  -  MemoryUsage of job (MB)
	5349964  -  ResidentSetSize of job (KB)
...
006 (523491.000.000) 06/28 10:10:21 Image size of job updated: 5603456
	5233  -  MemoryUsage of job (MB)
	5358072  -  ResidentSetSize of job (KB)
...
006 (523491.000.000) 06/28 10:15:21 Image size of job updated: 5607588
	5237  -  MemoryUsage of job (MB)
	5362204  -  ResidentSetSize of job (KB)
...
006 (523491.000.000) 06/28 10:20:22 Image size of job updated: 5612484
	5242  -  MemoryUsage of job (MB)
	5367100  -  ResidentSetSize of job (KB)
...
006 (523491.000.000) 06/28 10:25:22 Image size of job updated: 5616712
	5246  -  MemoryUsage of job (MB)
	5371328  -  ResidentSetSize of job (KB)
...
006 (523491.000.000) 06/28 10:30:23 Image size of job updated: 5620628
	5250  -  MemoryUsage of job (MB)
	5375244  -  ResidentSetSize of job (KB)
...
006 (523491.000.000) 06/28 10:35:23 Image size of job updated: 5624924
	5254  -  MemoryUsage of job (MB)
	5379540  -  ResidentSetSize of job (KB)
...
006 (523491.000.000) 06/28 10:45:24 Image size of job updated: 5632672
	5262  -  MemoryUsage of job (MB)
	5387288  -  ResidentSetSize of job (KB)
...
006 (523491.000.000) 06/28 10:50:25 Image size of job updated: 5636580
	5265  -  MemoryUsage of job (MB)
	5391196  -  ResidentSetSize of job (KB)
...
006 (523491.000.000) 06/28 10:55:25 Image size of job updated: 5640768
	5269  -  MemoryUsage of job (MB)
	5395384  -  ResidentSetSize of job (KB)
...
006 (523491.000.000) 06/28 11:00:26 Image size of job updated: 5647248
	5276  -  MemoryUsage of job (MB)
	5401864  -  ResidentSetSize of job (KB)
...
006 (523491.000.000) 06/28 11:10:27 Image size of job updated: 5653760
	5282  -  MemoryUsage of job (MB)
	5408376  -  ResidentSetSize of job (KB)
...
006 (523491.000.000) 06/28 11:20:28 Image size of job updated: 5661148
	5289  -  MemoryUsage of job (MB)
	5415764  -  ResidentSetSize of job (KB)
...
006 (523491.000.000) 06/28 11:25:28 Image size of job updated: 5664524
	5293  -  MemoryUsage of job (MB)
	5419140  -  ResidentSetSize of job (KB)
...
006 (523491.000.000) 06/28 11:30:29 Image size of job updated: 5676344
	5304  -  MemoryUsage of job (MB)
	5430960  -  ResidentSetSize of job (KB)
...
006 (523491.000.000) 06/28 11:35:29 Image size of job updated: 5679920
	5308  -  MemoryUsage of job (MB)
	5434536  -  ResidentSetSize of job (KB)
...
006 (523491.000.000) 06/28 11:40:31 Image size of job updated: 5683032
	5311  -  MemoryUsage of job (MB)
	5437648  -  ResidentSetSize of job (KB)
...
006 (523491.000.000) 06/28 11:45:31 Image size of job updated: 5686632
	5314  -  MemoryUsage of job (MB)
	5441248  -  ResidentSetSize of job (KB)
...
006 (523491.000.000) 06/28 11:50:31 Image size of job updated: 5689488
	5317  -  MemoryUsage of job (MB)
	5444104  -  ResidentSetSize of job (KB)
...
006 (523491.000.000) 06/28 11:55:32 Image size of job updated: 5693104
	5321  -  MemoryUsage of job (MB)
	5447720  -  ResidentSetSize of job (KB)
...
006 (523491.000.000) 06/28 12:05:33 Image size of job updated: 5699352
	5327  -  MemoryUsage of job (MB)
	5453968  -  ResidentSetSize of job (KB)
...
006 (523491.000.000) 06/28 12:10:33 Image size of job updated: 5702980
	5330  -  MemoryUsage of job (MB)
	5457596  -  ResidentSetSize of job (KB)
...
006 (523491.000.000) 06/28 12:15:34 Image size of job updated: 5706692
	5334  -  MemoryUsage of job (MB)
	5461308  -  ResidentSetSize of job (KB)
...
006 (523491.000.000) 06/28 12:20:34 Image size of job updated: 5710316
	5337  -  MemoryUsage of job (MB)
	5464932  -  ResidentSetSize of job (KB)
...
006 (523491.000.000) 06/28 12:30:36 Image size of job updated: 5719280
	5346  -  MemoryUsage of job (MB)
	5473896  -  ResidentSetSize of job (KB)
...
006 (523491.000.000) 06/28 12:40:37 Image size of job updated: 5726640
	5353  -  MemoryUsage of job (MB)
	5481256  -  ResidentSetSize of job (KB)
...
006 (523491.000.000) 06/28 12:45:37 Image size of job updated: 5730372
	5357  -  MemoryUsage of job (MB)
	5484988  -  ResidentSetSize of job (KB)
...
006 (523491.000.000) 06/28 12:50:38 Image size of job updated: 5737036
	5363  -  MemoryUsage of job (MB)
	5491652  -  ResidentSetSize of job (KB)
...
006 (523491.000.000) 06/28 12:55:38 Image size of job updated: 5740452
	5367  -  MemoryUsage of job (MB)
	5495068  -  ResidentSetSize of job (KB)
...
006 (523491.000.000) 06/28 13:05:39 Image size of job updated: 5747436
	5374  -  MemoryUsage of job (MB)
	5502052  -  ResidentSetSize of job (KB)
...
006 (523491.000.000) 06/28 13:10:40 Image size of job updated: 5751348
	5377  -  MemoryUsage of job (MB)
	5505964  -  ResidentSetSize of job (KB)
...
006 (523491.000.000) 06/28 13:15:40 Image size of job updated: 5754784
	5381  -  MemoryUsage of job (MB)
	5509400  -  ResidentSetSize of job (KB)
...
006 (523491.000.000) 06/28 13:20:41 Image size of job updated: 5759620
	5385  -  MemoryUsage of job (MB)
	5514236  -  ResidentSetSize of job (KB)
...
006 (523491.000.000) 06/28 13:30:42 Image size of job updated: 5767664
	5393  -  MemoryUsage of job (MB)
	5522280  -  ResidentSetSize of job (KB)
...
006 (523491.000.000) 06/28 13:40:43 Image size of job updated: 5778356
	5404  -  MemoryUsage of job (MB)
	5532972  -  ResidentSetSize of job (KB)
...
006 (523491.000.000) 06/28 13:45:43 Image size of job updated: 5781952
	5407  -  MemoryUsage of job (MB)
	5536568  -  ResidentSetSize of job (KB)
...
006 (523491.000.000) 06/28 13:50:44 Image size of job updated: 5784916
	5410  -  MemoryUsage of job (MB)
	5539532  -  ResidentSetSize of job (KB)
...
006 (523491.000.000) 06/28 13:55:44 Image size of job updated: 5789240
	5414  -  MemoryUsage of job (MB)
	5543856  -  ResidentSetSize of job (KB)
...
006 (523491.000.000) 06/28 14:05:45 Image size of job updated: 5796756
	5422  -  MemoryUsage of job (MB)
	5551372  -  ResidentSetSize of job (KB)
...
006 (523491.000.000) 06/28 14:15:46 Image size of job updated: 5805004
	5430  -  MemoryUsage of job (MB)
	5559620  -  ResidentSetSize of job (KB)
...
006 (523491.000.000) 06/28 14:20:46 Image size of job updated: 5808708
	5433  -  MemoryUsage of job (MB)
	5563324  -  ResidentSetSize of job (KB)
...
006 (523491.000.000) 06/28 14:25:47 Image size of job updated: 5815544
	5440  -  MemoryUsage of job (MB)
	5570160  -  ResidentSetSize of job (KB)
...
006 (523491.000.000) 06/28 14:30:47 Image size of job updated: 5818944
	5443  -  MemoryUsage of job (MB)
	5573560  -  ResidentSetSize of job (KB)
...
006 (523491.000.000) 06/28 14:35:48 Image size of job updated: 5818944
	5443  -  MemoryUsage of job (MB)
	5573568  -  ResidentSetSize of job (KB)
...
006 (523491.000.000) 06/28 14:40:48 Image size of job updated: 5825868
	5450  -  MemoryUsage of job (MB)
	5580484  -  ResidentSetSize of job (KB)
...
006 (523491.000.000) 06/28 14:45:49 Image size of job updated: 5829840
	5454  -  MemoryUsage of job (MB)
	5584456  -  ResidentSetSize of job (KB)
...
006 (523491.000.000) 06/28 14:50:49 Image size of job updated: 5833892
	5458  -  MemoryUsage of job (MB)
	5588508  -  ResidentSetSize of job (KB)
...
006 (523491.000.000) 06/28 14:55:50 Image size of job updated: 5837984
	5462  -  MemoryUsage of job (MB)
	5592600  -  ResidentSetSize of job (KB)
...
006 (523491.000.000) 06/28 15:00:50 Image size of job updated: 5843084
	5467  -  MemoryUsage of job (MB)
	5597700  -  ResidentSetSize of job (KB)
...
006 (523491.000.000) 06/28 15:05:52 Image size of job updated: 5846560
	5470  -  MemoryUsage of job (MB)
	5601176  -  ResidentSetSize of job (KB)
...
006 (523491.000.000) 06/28 15:10:52 Image size of job updated: 5846560
	5470  -  MemoryUsage of job (MB)
	5601180  -  ResidentSetSize of job (KB)
...
006 (523491.000.000) 06/28 15:15:53 Image size of job updated: 5854236
	5478  -  MemoryUsage of job (MB)
	5608852  -  ResidentSetSize of job (KB)
...
006 (523491.000.000) 06/28 15:20:53 Image size of job updated: 5858248
	5482  -  MemoryUsage of job (MB)
	5612864  -  ResidentSetSize of job (KB)
...
006 (523491.000.000) 06/28 15:25:54 Image size of job updated: 5862060
	5486  -  MemoryUsage of job (MB)
	5616676  -  ResidentSetSize of job (KB)
...
006 (523491.000.000) 06/28 15:30:54 Image size of job updated: 5866096
	5489  -  MemoryUsage of job (MB)
	5620712  -  ResidentSetSize of job (KB)
...
006 (523491.000.000) 06/28 15:40:55 Image size of job updated: 5875976
	5499  -  MemoryUsage of job (MB)
	5630592  -  ResidentSetSize of job (KB)
...
006 (523491.000.000) 06/28 15:45:55 Image size of job updated: 5879360
	5502  -  MemoryUsage of job (MB)
	5633976  -  ResidentSetSize of job (KB)
...
006 (523491.000.000) 06/28 15:50:56 Image size of job updated: 5882192
	5505  -  MemoryUsage of job (MB)
	5636808  -  ResidentSetSize of job (KB)
...
006 (523491.000.000) 06/28 15:55:56 Image size of job updated: 5885568
	5508  -  MemoryUsage of job (MB)
	5640184  -  ResidentSetSize of job (KB)
...
006 (523491.000.000) 06/28 16:00:57 Image size of job updated: 5885568
	5509  -  MemoryUsage of job (MB)
	5640232  -  ResidentSetSize of job (KB)
...
006 (523491.000.000) 06/28 16:05:57 Image size of job updated: 5901096
	5524  -  MemoryUsage of job (MB)
	5655712  -  ResidentSetSize of job (KB)
...
006 (523491.000.000) 06/28 16:10:58 Image size of job updated: 5904624
	5527  -  MemoryUsage of job (MB)
	5659240  -  ResidentSetSize of job (KB)
...
006 (523491.000.000) 06/28 16:15:58 Image size of job updated: 5907664
	5530  -  MemoryUsage of job (MB)
	5662280  -  ResidentSetSize of job (KB)
...
006 (523491.000.000) 06/28 16:20:59 Image size of job updated: 5911080
	5533  -  MemoryUsage of job (MB)
	5665696  -  ResidentSetSize of job (KB)
...
006 (523491.000.000) 06/28 16:25:59 Image size of job updated: 5914032
	5536  -  MemoryUsage of job (MB)
	5668648  -  ResidentSetSize of job (KB)
...
006 (523491.000.000) 06/28 16:31:00 Image size of job updated: 5917680
	5540  -  MemoryUsage of job (MB)
	5672296  -  ResidentSetSize of job (KB)
...
006 (523491.000.000) 06/28 16:41:02 Image size of job updated: 5924140
	5546  -  MemoryUsage of job (MB)
	5678756  -  ResidentSetSize of job (KB)
...
006 (523491.000.000) 06/28 16:51:02 Image size of job updated: 5931716
	5554  -  MemoryUsage of job (MB)
	5686332  -  ResidentSetSize of job (KB)
...
006 (523491.000.000) 06/28 16:56:03 Image size of job updated: 5935376
	5557  -  MemoryUsage of job (MB)
	5689992  -  ResidentSetSize of job (KB)
...
006 (523491.000.000) 06/28 17:01:03 Image size of job updated: 5940324
	5562  -  MemoryUsage of job (MB)
	5694940  -  ResidentSetSize of job (KB)
...
006 (523491.000.000) 06/28 17:06:04 Image size of job updated: 5945220
	5567  -  MemoryUsage of job (MB)
	5699836  -  ResidentSetSize of job (KB)
...
006 (523491.000.000) 06/28 17:11:04 Image size of job updated: 5948476
	5570  -  MemoryUsage of job (MB)
	5703092  -  ResidentSetSize of job (KB)
...
006 (523491.000.000) 06/28 17:16:06 Image size of job updated: 5952632
	5574  -  MemoryUsage of job (MB)
	5707248  -  ResidentSetSize of job (KB)
...
006 (523491.000.000) 06/28 17:21:06 Image size of job updated: 5952632
	5574  -  MemoryUsage of job (MB)
	5707252  -  ResidentSetSize of job (KB)
...
006 (523491.000.000) 06/28 17:26:06 Image size of job updated: 5961200
	5582  -  MemoryUsage of job (MB)
	5715816  -  ResidentSetSize of job (KB)
...
006 (523491.000.000) 06/28 17:31:06 Image size of job updated: 5964572
	5586  -  MemoryUsage of job (MB)
	5719188  -  ResidentSetSize of job (KB)
...
006 (523491.000.000) 06/28 17:36:08 Image size of job updated: 5968428
	5589  -  MemoryUsage of job (MB)
	5723044  -  ResidentSetSize of job (KB)
...
006 (523491.000.000) 06/28 17:41:08 Image size of job updated: 5972420
	5593  -  MemoryUsage of job (MB)
	5727036  -  ResidentSetSize of job (KB)
...
006 (523491.000.000) 06/28 17:46:08 Image size of job updated: 5975536
	5596  -  MemoryUsage of job (MB)
	5730152  -  ResidentSetSize of job (KB)
...
006 (523491.000.000) 06/28 17:51:09 Image size of job updated: 5981188
	5602  -  MemoryUsage of job (MB)
	5735804  -  ResidentSetSize of job (KB)
...
006 (523491.000.000) 06/28 17:56:09 Image size of job updated: 5984808
	5605  -  MemoryUsage of job (MB)
	5739424  -  ResidentSetSize of job (KB)
...
006 (523491.000.000) 06/28 18:01:10 Image size of job updated: 5987704
	5608  -  MemoryUsage of job (MB)
	5742320  -  ResidentSetSize of job (KB)
...
006 (523491.000.000) 06/28 18:06:10 Image size of job updated: 5992340
	5613  -  MemoryUsage of job (MB)
	5746956  -  ResidentSetSize of job (KB)
...
006 (523491.000.000) 06/28 18:16:11 Image size of job updated: 6000600
	5621  -  MemoryUsage of job (MB)
	5755216  -  ResidentSetSize of job (KB)
...
006 (523491.000.000) 06/28 18:21:12 Image size of job updated: 6004480
	5625  -  MemoryUsage of job (MB)
	5759096  -  ResidentSetSize of job (KB)
...
006 (523491.000.000) 06/28 18:26:12 Image size of job updated: 6008496
	5629  -  MemoryUsage of job (MB)
	5763112  -  ResidentSetSize of job (KB)
...
006 (523491.000.000) 06/28 18:31:14 Image size of job updated: 6011928
	5632  -  MemoryUsage of job (MB)
	5766544  -  ResidentSetSize of job (KB)
...
006 (523491.000.000) 06/28 18:41:14 Image size of job updated: 6020476
	5640  -  MemoryUsage of job (MB)
	5775092  -  ResidentSetSize of job (KB)
...
006 (523491.000.000) 06/28 18:46:15 Image size of job updated: 6032428
	5652  -  MemoryUsage of job (MB)
	5787044  -  ResidentSetSize of job (KB)
...
006 (523491.000.000) 06/28 18:51:15 Image size of job updated: 6035312
	5655  -  MemoryUsage of job (MB)
	5789928  -  ResidentSetSize of job (KB)
...
006 (523491.000.000) 06/28 18:56:16 Image size of job updated: 6038904
	5658  -  MemoryUsage of job (MB)
	5793520  -  ResidentSetSize of job (KB)
...
006 (523491.000.000) 06/28 19:06:17 Image size of job updated: 6045300
	5664  -  MemoryUsage of job (MB)
	5799916  -  ResidentSetSize of job (KB)
...
006 (523491.000.000) 06/28 19:11:17 Image size of job updated: 6048748
	5668  -  MemoryUsage of job (MB)
	5803364  -  ResidentSetSize of job (KB)
...
006 (523491.000.000) 06/28 19:16:18 Image size of job updated: 6051596
	5671  -  MemoryUsage of job (MB)
	5806212  -  ResidentSetSize of job (KB)
...
006 (523491.000.000) 06/28 19:21:18 Image size of job updated: 6054924
	5674  -  MemoryUsage of job (MB)
	5809540  -  ResidentSetSize of job (KB)
...
006 (523491.000.000) 06/28 19:26:19 Image size of job updated: 6058076
	5677  -  MemoryUsage of job (MB)
	5812692  -  ResidentSetSize of job (KB)
...
006 (523491.000.000) 06/28 19:31:19 Image size of job updated: 6060924
	5680  -  MemoryUsage of job (MB)
	5815540  -  ResidentSetSize of job (KB)
...
006 (523491.000.000) 06/28 19:36:21 Image size of job updated: 6064540
	5683  -  MemoryUsage of job (MB)
	5819156  -  ResidentSetSize of job (KB)
...
006 (523491.000.000) 06/28 19:46:22 Image size of job updated: 6072488
	5691  -  MemoryUsage of job (MB)
	5827104  -  ResidentSetSize of job (KB)
...
006 (523491.000.000) 06/28 19:51:22 Image size of job updated: 6075912
	5694  -  MemoryUsage of job (MB)
	5830528  -  ResidentSetSize of job (KB)
...
006 (523491.000.000) 06/28 19:56:22 Image size of job updated: 6080764
	5699  -  MemoryUsage of job (MB)
	5835380  -  ResidentSetSize of job (KB)
...
006 (523491.000.000) 06/28 20:01:23 Image size of job updated: 6084828
	5703  -  MemoryUsage of job (MB)
	5839444  -  ResidentSetSize of job (KB)
...
006 (523491.000.000) 06/28 20:11:24 Image size of job updated: 6093300
	5711  -  MemoryUsage of job (MB)
	5847916  -  ResidentSetSize of job (KB)
...
006 (523491.000.000) 06/28 20:16:25 Image size of job updated: 6096664
	5715  -  MemoryUsage of job (MB)
	5851280  -  ResidentSetSize of job (KB)
...
006 (523491.000.000) 06/28 20:21:25 Image size of job updated: 6100936
	5719  -  MemoryUsage of job (MB)
	5855552  -  ResidentSetSize of job (KB)
...
006 (523491.000.000) 06/28 20:26:26 Image size of job updated: 6104408
	5722  -  MemoryUsage of job (MB)
	5859024  -  ResidentSetSize of job (KB)
...
006 (523491.000.000) 06/28 20:36:27 Image size of job updated: 6112948
	5731  -  MemoryUsage of job (MB)
	5867564  -  ResidentSetSize of job (KB)
...
006 (523491.000.000) 06/28 20:41:27 Image size of job updated: 6117168
	5735  -  MemoryUsage of job (MB)
	5871784  -  ResidentSetSize of job (KB)
...
006 (523491.000.000) 06/28 20:46:29 Image size of job updated: 6121396
	5739  -  MemoryUsage of job (MB)
	5876012  -  ResidentSetSize of job (KB)
...
006 (523491.000.000) 06/28 20:51:29 Image size of job updated: 6125344
	5743  -  MemoryUsage of job (MB)
	5879960  -  ResidentSetSize of job (KB)
...
006 (523491.000.000) 06/28 20:56:30 Image size of job updated: 6129428
	5747  -  MemoryUsage of job (MB)
	5884044  -  ResidentSetSize of job (KB)
...
006 (523491.000.000) 06/28 21:01:30 Image size of job updated: 6133484
	5751  -  MemoryUsage of job (MB)
	5888100  -  ResidentSetSize of job (KB)
...
006 (523491.000.000) 06/28 21:11:31 Image size of job updated: 6142252
	5759  -  MemoryUsage of job (MB)
	5896868  -  ResidentSetSize of job (KB)
...
006 (523491.000.000) 06/28 21:16:31 Image size of job updated: 6145912
	5763  -  MemoryUsage of job (MB)
	5900528  -  ResidentSetSize of job (KB)
...
006 (523491.000.000) 06/28 21:21:32 Image size of job updated: 6150076
	5767  -  MemoryUsage of job (MB)
	5904692  -  ResidentSetSize of job (KB)
...
006 (523491.000.000) 06/28 21:26:32 Image size of job updated: 6154148
	5771  -  MemoryUsage of job (MB)
	5908764  -  ResidentSetSize of job (KB)
...
006 (523491.000.000) 06/28 21:31:33 Image size of job updated: 6158224
	5775  -  MemoryUsage of job (MB)
	5912840  -  ResidentSetSize of job (KB)
...
006 (523491.000.000) 06/28 21:36:33 Image size of job updated: 6162356
	5779  -  MemoryUsage of job (MB)
	5916972  -  ResidentSetSize of job (KB)
...
006 (523491.000.000) 06/28 21:41:34 Image size of job updated: 6196880
	5813  -  MemoryUsage of job (MB)
	5951496  -  ResidentSetSize of job (KB)
...
006 (523491.000.000) 06/28 22:16:37 Image size of job updated: 6198544
	5814  -  MemoryUsage of job (MB)
	5953160  -  ResidentSetSize of job (KB)
...
006 (523491.000.000) 06/28 22:21:38 Image size of job updated: 6202224
	5818  -  MemoryUsage of job (MB)
	5956840  -  ResidentSetSize of job (KB)
...
006 (523491.000.000) 06/28 22:26:38 Image size of job updated: 6205552
	5821  -  MemoryUsage of job (MB)
	5960168  -  ResidentSetSize of job (KB)
...
006 (523491.000.000) 06/28 22:31:38 Image size of job updated: 6208532
	5824  -  MemoryUsage of job (MB)
	5963148  -  ResidentSetSize of job (KB)
...
006 (523491.000.000) 06/28 22:36:39 Image size of job updated: 6211968
	5827  -  MemoryUsage of job (MB)
	5966584  -  ResidentSetSize of job (KB)
...
006 (523491.000.000) 06/28 22:41:39 Image size of job updated: 6215724
	5831  -  MemoryUsage of job (MB)
	5970340  -  ResidentSetSize of job (KB)
...
006 (523491.000.000) 06/28 22:46:40 Image size of job updated: 6219228
	5834  -  MemoryUsage of job (MB)
	5973844  -  ResidentSetSize of job (KB)
...
006 (523491.000.000) 06/28 22:51:40 Image size of job updated: 6219228
	5834  -  MemoryUsage of job (MB)
	5973848  -  ResidentSetSize of job (KB)
...
006 (523491.000.000) 06/28 22:56:41 Image size of job updated: 6227884
	5843  -  MemoryUsage of job (MB)
	5982500  -  ResidentSetSize of job (KB)
...
006 (523491.000.000) 06/28 23:01:41 Image size of job updated: 6231908
	5847  -  MemoryUsage of job (MB)
	5986524  -  ResidentSetSize of job (KB)
...
006 (523491.000.000) 06/28 23:16:43 Image size of job updated: 6234844
	5847  -  MemoryUsage of job (MB)
	5986524  -  ResidentSetSize of job (KB)
...
006 (523491.000.000) 06/28 23:21:43 Image size of job updated: 6238524
	5847  -  MemoryUsage of job (MB)
	5986524  -  ResidentSetSize of job (KB)
...
006 (523491.000.000) 06/28 23:31:45 Image size of job updated: 6245412
	5847  -  MemoryUsage of job (MB)
	5986524  -  ResidentSetSize of job (KB)
...
006 (523491.000.000) 06/28 23:36:47 Image size of job updated: 6249176
	5847  -  MemoryUsage of job (MB)
	5986524  -  ResidentSetSize of job (KB)
...
006 (523491.000.000) 06/28 23:46:48 Image size of job updated: 6257468
	5847  -  MemoryUsage of job (MB)
	5986524  -  ResidentSetSize of job (KB)
...
006 (523491.000.000) 06/28 23:51:48 Image size of job updated: 6261364
	5847  -  MemoryUsage of job (MB)
	5986524  -  ResidentSetSize of job (KB)
...
006 (523491.000.000) 06/29 00:01:49 Image size of job updated: 6268984
	5847  -  MemoryUsage of job (MB)
	5986524  -  ResidentSetSize of job (KB)
...
006 (523491.000.000) 06/29 00:06:49 Image size of job updated: 6274436
	5847  -  MemoryUsage of job (MB)
	5986524  -  ResidentSetSize of job (KB)
...
006 (523491.000.000) 06/29 00:16:50 Image size of job updated: 6280136
	5847  -  MemoryUsage of job (MB)
	5986524  -  ResidentSetSize of job (KB)
...
006 (523491.000.000) 06/29 00:21:51 Image size of job updated: 6284004
	5847  -  MemoryUsage of job (MB)
	5986524  -  ResidentSetSize of job (KB)
...
006 (523491.000.000) 06/29 00:26:51 Image size of job updated: 6287768
	5847  -  MemoryUsage of job (MB)
	5986524  -  ResidentSetSize of job (KB)
...
006 (523491.000.000) 06/29 00:31:52 Image size of job updated: 6291340
	5847  -  MemoryUsage of job (MB)
	5986524  -  ResidentSetSize of job (KB)
...
006 (523491.000.000) 06/29 00:36:52 Image size of job updated: 6295320
	5847  -  MemoryUsage of job (MB)
	5986524  -  ResidentSetSize of job (KB)
...
006 (523491.000.000) 06/29 00:41:53 Image size of job updated: 6298928
	5847  -  MemoryUsage of job (MB)
	5986524  -  ResidentSetSize of job (KB)
...
006 (523491.000.000) 06/29 00:51:54 Image size of job updated: 6308092
	5847  -  MemoryUsage of job (MB)
	5986524  -  ResidentSetSize of job (KB)
...
006 (523491.000.000) 06/29 00:56:54 Image size of job updated: 6311192
	5847  -  MemoryUsage of job (MB)
	5986524  -  ResidentSetSize of job (KB)
...
006 (523491.000.000) 06/29 01:06:55 Image size of job updated: 6317616
	5847  -  MemoryUsage of job (MB)
	5986524  -  ResidentSetSize of job (KB)
...
006 (523491.000.000) 06/29 01:11:57 Image size of job updated: 6321352
	5847  -  MemoryUsage of job (MB)
	5986524  -  ResidentSetSize of job (KB)
...
006 (523491.000.000) 06/29 01:16:57 Image size of job updated: 6325008
	5847  -  MemoryUsage of job (MB)
	5986524  -  ResidentSetSize of job (KB)
...
006 (523491.000.000) 06/29 01:21:58 Image size of job updated: 6328848
	5847  -  MemoryUsage of job (MB)
	5986524  -  ResidentSetSize of job (KB)
...
006 (523491.000.000) 06/29 01:26:58 Image size of job updated: 6342736
	5847  -  MemoryUsage of job (MB)
	5986524  -  ResidentSetSize of job (KB)
...
006 (523491.000.000) 06/29 01:31:58 Image size of job updated: 6345908
	5847  -  MemoryUsage of job (MB)
	5986524  -  ResidentSetSize of job (KB)
...
006 (523491.000.000) 06/29 01:36:59 Image size of job updated: 6348436
	5847  -  MemoryUsage of job (MB)
	5986524  -  ResidentSetSize of job (KB)
...
006 (523491.000.000) 06/29 01:41:59 Image size of job updated: 6351804
	5847  -  MemoryUsage of job (MB)
	5986524  -  ResidentSetSize of job (KB)
...
006 (523491.000.000) 06/29 01:47:00 Image size of job updated: 6354912
	5847  -  MemoryUsage of job (MB)
	5986524  -  ResidentSetSize of job (KB)
...
006 (523491.000.000) 06/29 01:57:01 Image size of job updated: 6360848
	5847  -  MemoryUsage of job (MB)
	5986524  -  ResidentSetSize of job (KB)
...
006 (523491.000.000) 06/29 02:02:01 Image size of job updated: 6364020
	5847  -  MemoryUsage of job (MB)
	5986524  -  ResidentSetSize of job (KB)
...
006 (523491.000.000) 06/29 02:12:02 Image size of job updated: 6369860
	5847  -  MemoryUsage of job (MB)
	5986524  -  ResidentSetSize of job (KB)
...
006 (523491.000.000) 06/29 02:17:03 Image size of job updated: 6373036
	5847  -  MemoryUsage of job (MB)
	5986524  -  ResidentSetSize of job (KB)
...
006 (523491.000.000) 06/29 02:22:03 Image size of job updated: 6376148
	5847  -  MemoryUsage of job (MB)
	5986524  -  ResidentSetSize of job (KB)
...
006 (523491.000.000) 06/29 02:27:04 Image size of job updated: 6378824
	5847  -  MemoryUsage of job (MB)
	5986524  -  ResidentSetSize of job (KB)
...
006 (523491.000.000) 06/29 02:32:04 Image size of job updated: 6382108
	5847  -  MemoryUsage of job (MB)
	5986524  -  ResidentSetSize of job (KB)
...
006 (523491.000.000) 06/29 02:37:05 Image size of job updated: 6385216
	5847  -  MemoryUsage of job (MB)
	5986524  -  ResidentSetSize of job (KB)
...
006 (523491.000.000) 06/29 02:42:05 Image size of job updated: 6388712
	5847  -  MemoryUsage of job (MB)
	5986524  -  ResidentSetSize of job (KB)
...
006 (523491.000.000) 06/29 02:47:07 Image size of job updated: 6392904
	5847  -  MemoryUsage of job (MB)
	5986524  -  ResidentSetSize of job (KB)
...
006 (523491.000.000) 06/29 02:52:07 Image size of job updated: 6396412
	5847  -  MemoryUsage of job (MB)
	5986524  -  ResidentSetSize of job (KB)
...
006 (523491.000.000) 06/29 02:57:08 Image size of job updated: 6399968
	5847  -  MemoryUsage of job (MB)
	5986524  -  ResidentSetSize of job (KB)
...
006 (523491.000.000) 06/29 03:02:08 Image size of job updated: 6403884
	5847  -  MemoryUsage of job (MB)
	5986524  -  ResidentSetSize of job (KB)
...
006 (523491.000.000) 06/29 03:07:08 Image size of job updated: 6408564
	5847  -  MemoryUsage of job (MB)
	5986524  -  ResidentSetSize of job (KB)
...
006 (523491.000.000) 06/29 03:12:09 Image size of job updated: 6412372
	5847  -  MemoryUsage of job (MB)
	5986524  -  ResidentSetSize of job (KB)
...
006 (523491.000.000) 06/29 03:17:09 Image size of job updated: 6416032
	5847  -  MemoryUsage of job (MB)
	5986524  -  ResidentSetSize of job (KB)
...
006 (523491.000.000) 06/29 03:22:10 Image size of job updated: 6419852
	5847  -  MemoryUsage of job (MB)
	5986524  -  ResidentSetSize of job (KB)
...
006 (523491.000.000) 06/29 03:32:11 Image size of job updated: 6428796
	5847  -  MemoryUsage of job (MB)
	5986524  -  ResidentSetSize of job (KB)
...
006 (523491.000.000) 06/29 03:37:11 Image size of job updated: 6431908
	5847  -  MemoryUsage of job (MB)
	5986524  -  ResidentSetSize of job (KB)
...
006 (523491.000.000) 06/29 03:47:12 Image size of job updated: 6437860
	5847  -  MemoryUsage of job (MB)
	5986524  -  ResidentSetSize of job (KB)
...
006 (523491.000.000) 06/29 03:52:14 Image size of job updated: 6442380
	5847  -  MemoryUsage of job (MB)
	5986524  -  ResidentSetSize of job (KB)
...
006 (523491.000.000) 06/29 03:57:14 Image size of job updated: 6445960
	5847  -  MemoryUsage of job (MB)
	5986524  -  ResidentSetSize of job (KB)
...
006 (523491.000.000) 06/29 04:02:15 Image size of job updated: 6450212
	5847  -  MemoryUsage of job (MB)
	5986524  -  ResidentSetSize of job (KB)
...
006 (523491.000.000) 06/29 04:07:15 Image size of job updated: 6453616
	5847  -  MemoryUsage of job (MB)
	5986524  -  ResidentSetSize of job (KB)
...
006 (523491.000.000) 06/29 04:12:16 Image size of job updated: 6457440
	5847  -  MemoryUsage of job (MB)
	5986524  -  ResidentSetSize of job (KB)
...
006 (523491.000.000) 06/29 04:17:16 Image size of job updated: 6461008
	5847  -  MemoryUsage of job (MB)
	5986524  -  ResidentSetSize of job (KB)
...
006 (523491.000.000) 06/29 04:22:16 Image size of job updated: 6464128
	5847  -  MemoryUsage of job (MB)
	5986524  -  ResidentSetSize of job (KB)
...
006 (523491.000.000) 06/29 04:27:17 Image size of job updated: 6468812
	5847  -  MemoryUsage of job (MB)
	5986524  -  ResidentSetSize of job (KB)
...
006 (523491.000.000) 06/29 04:32:17 Image size of job updated: 6472844
	5847  -  MemoryUsage of job (MB)
	5986524  -  ResidentSetSize of job (KB)
...
006 (523491.000.000) 06/29 04:37:18 Image size of job updated: 6476184
	5847  -  MemoryUsage of job (MB)
	5986524  -  ResidentSetSize of job (KB)
...
006 (523491.000.000) 06/29 04:42:18 Image size of job updated: 6480088
	5847  -  MemoryUsage of job (MB)
	5986524  -  ResidentSetSize of job (KB)
...
006 (523491.000.000) 06/29 04:52:19 Image size of job updated: 6487708
	5847  -  MemoryUsage of job (MB)
	5986524  -  ResidentSetSize of job (KB)
...
006 (523491.000.000) 06/29 04:57:20 Image size of job updated: 6491452
	5847  -  MemoryUsage of job (MB)
	5986524  -  ResidentSetSize of job (KB)
...
006 (523491.000.000) 06/29 05:07:21 Image size of job updated: 6498836
	5847  -  MemoryUsage of job (MB)
	5986524  -  ResidentSetSize of job (KB)
...
006 (523491.000.000) 06/29 05:12:21 Image size of job updated: 6502608
	5847  -  MemoryUsage of job (MB)
	5986524  -  ResidentSetSize of job (KB)
...
006 (523491.000.000) 06/29 05:22:22 Image size of job updated: 6510268
	5847  -  MemoryUsage of job (MB)
	5986524  -  ResidentSetSize of job (KB)
...
006 (523491.000.000) 06/29 05:27:23 Image size of job updated: 6514196
	5847  -  MemoryUsage of job (MB)
	5986524  -  ResidentSetSize of job (KB)
...
006 (523491.000.000) 06/29 05:32:23 Image size of job updated: 6518288
	5847  -  MemoryUsage of job (MB)
	5986524  -  ResidentSetSize of job (KB)
...
006 (523491.000.000) 06/29 05:37:24 Image size of job updated: 6531632
	5847  -  MemoryUsage of job (MB)
	5986524  -  ResidentSetSize of job (KB)
...
006 (523491.000.000) 06/29 05:47:24 Image size of job updated: 6537856
	5847  -  MemoryUsage of job (MB)
	5986524  -  ResidentSetSize of job (KB)
...
006 (523491.000.000) 06/29 05:52:25 Image size of job updated: 6541180
	5847  -  MemoryUsage of job (MB)
	5986524  -  ResidentSetSize of job (KB)
...
006 (523491.000.000) 06/29 06:02:26 Image size of job updated: 6547376
	5847  -  MemoryUsage of job (MB)
	5986524  -  ResidentSetSize of job (KB)
...
006 (523491.000.000) 06/29 06:07:26 Image size of job updated: 6550728
	5847  -  MemoryUsage of job (MB)
	5986524  -  ResidentSetSize of job (KB)
...
006 (523491.000.000) 06/29 06:12:27 Image size of job updated: 6553568
	5847  -  MemoryUsage of job (MB)
	5986524  -  ResidentSetSize of job (KB)
...
006 (523491.000.000) 06/29 06:17:27 Image size of job updated: 6556868
	5847  -  MemoryUsage of job (MB)
	5986524  -  ResidentSetSize of job (KB)
...
006 (523491.000.000) 06/29 06:22:28 Image size of job updated: 6560152
	5847  -  MemoryUsage of job (MB)
	5986524  -  ResidentSetSize of job (KB)
...
006 (523491.000.000) 06/29 06:27:28 Image size of job updated: 6562880
	5847  -  MemoryUsage of job (MB)
	5986524  -  ResidentSetSize of job (KB)
...
006 (523491.000.000) 06/29 06:32:30 Image size of job updated: 6566340
	5847  -  MemoryUsage of job (MB)
	5986524  -  ResidentSetSize of job (KB)
...
006 (523491.000.000) 06/29 06:42:31 Image size of job updated: 6574284
	5847  -  MemoryUsage of job (MB)
	5986524  -  ResidentSetSize of job (KB)
...
006 (523491.000.000) 06/29 06:47:31 Image size of job updated: 6577756
	5847  -  MemoryUsage of job (MB)
	5986524  -  ResidentSetSize of job (KB)
...
006 (523491.000.000) 06/29 06:57:32 Image size of job updated: 6585648
	5847  -  MemoryUsage of job (MB)
	5986524  -  ResidentSetSize of job (KB)
...
006 (523491.000.000) 06/29 07:02:33 Image size of job updated: 6590500
	5847  -  MemoryUsage of job (MB)
	5986524  -  ResidentSetSize of job (KB)
...
006 (523491.000.000) 06/29 07:07:33 Image size of job updated: 6594720
	5847  -  MemoryUsage of job (MB)
	5986524  -  ResidentSetSize of job (KB)
...
006 (523491.000.000) 06/29 07:12:33 Image size of job updated: 6598936
	5847  -  MemoryUsage of job (MB)
	5986524  -  ResidentSetSize of job (KB)
...
006 (523491.000.000) 06/29 07:17:34 Image size of job updated: 6603892
	5847  -  MemoryUsage of job (MB)
	5986524  -  ResidentSetSize of job (KB)
...
006 (523491.000.000) 06/29 07:22:34 Image size of job updated: 6607400
	5847  -  MemoryUsage of job (MB)
	5986524  -  ResidentSetSize of job (KB)
...
006 (523491.000.000) 06/29 07:27:35 Image size of job updated: 6611168
	5847  -  MemoryUsage of job (MB)
	5986524  -  ResidentSetSize of job (KB)
...
006 (523491.000.000) 06/29 07:32:35 Image size of job updated: 6615224
	5847  -  MemoryUsage of job (MB)
	5986524  -  ResidentSetSize of job (KB)
...
006 (523491.000.000) 06/29 07:42:36 Image size of job updated: 6623300
	5847  -  MemoryUsage of job (MB)
	5986524  -  ResidentSetSize of job (KB)
...
006 (523491.000.000) 06/29 07:47:37 Image size of job updated: 6627244
	5847  -  MemoryUsage of job (MB)
	5986524  -  ResidentSetSize of job (KB)
...
006 (523491.000.000) 06/29 07:52:37 Image size of job updated: 6631472
	5847  -  MemoryUsage of job (MB)
	5986524  -  ResidentSetSize of job (KB)
...
006 (523491.000.000) 06/29 07:57:38 Image size of job updated: 6635360
	5847  -  MemoryUsage of job (MB)
	5986524  -  ResidentSetSize of job (KB)
...
006 (523491.000.000) 06/29 08:07:39 Image size of job updated: 6644164
	5847  -  MemoryUsage of job (MB)
	5986524  -  ResidentSetSize of job (KB)
...
006 (523491.000.000) 06/29 08:12:39 Image size of job updated: 6647744
	5847  -  MemoryUsage of job (MB)
	5986524  -  ResidentSetSize of job (KB)
...
006 (523491.000.000) 06/29 08:17:40 Image size of job updated: 6651704
	5847  -  MemoryUsage of job (MB)
	5986524  -  ResidentSetSize of job (KB)
...
006 (523491.000.000) 06/29 08:22:40 Image size of job updated: 6655816
	5847  -  MemoryUsage of job (MB)
	5986524  -  ResidentSetSize of job (KB)
...
006 (523491.000.000) 06/29 08:27:41 Image size of job updated: 6661572
	5847  -  MemoryUsage of job (MB)
	5986524  -  ResidentSetSize of job (KB)
...
006 (523491.000.000) 06/29 08:32:41 Image size of job updated: 6665072
	5847  -  MemoryUsage of job (MB)
	5986524  -  ResidentSetSize of job (KB)
...
006 (523491.000.000) 06/29 08:37:42 Image size of job updated: 6668308
	5847  -  MemoryUsage of job (MB)
	5986524  -  ResidentSetSize of job (KB)
...
006 (523491.000.000) 06/29 08:42:42 Image size of job updated: 6671584
	5847  -  MemoryUsage of job (MB)
	5986524  -  ResidentSetSize of job (KB)
...
006 (523491.000.000) 06/29 08:47:43 Image size of job updated: 6675792
	5847  -  MemoryUsage of job (MB)
	5986524  -  ResidentSetSize of job (KB)
...
006 (523491.000.000) 06/29 08:52:43 Image size of job updated: 6680908
	5847  -  MemoryUsage of job (MB)
	5986524  -  ResidentSetSize of job (KB)
...
006 (523491.000.000) 06/29 08:57:44 Image size of job updated: 6684400
	5847  -  MemoryUsage of job (MB)
	5986524  -  ResidentSetSize of job (KB)
...
006 (523491.000.000) 06/29 09:07:45 Image size of job updated: 6691812
	5847  -  MemoryUsage of job (MB)
	5986524  -  ResidentSetSize of job (KB)
...
006 (523491.000.000) 06/29 09:12:45 Image size of job updated: 6695920
	5847  -  MemoryUsage of job (MB)
	5986524  -  ResidentSetSize of job (KB)
...
006 (523491.000.000) 06/29 09:17:45 Image size of job updated: 6699944
	5847  -  MemoryUsage of job (MB)
	5986524  -  ResidentSetSize of job (KB)
...
006 (523491.000.000) 06/29 09:22:46 Image size of job updated: 6704112
	5847  -  MemoryUsage of job (MB)
	5986524  -  ResidentSetSize of job (KB)
...
006 (523491.000.000) 06/29 09:32:47 Image size of job updated: 6711976
	5847  -  MemoryUsage of job (MB)
	5986524  -  ResidentSetSize of job (KB)
...
006 (523491.000.000) 06/29 09:37:47 Image size of job updated: 6716048
	5847  -  MemoryUsage of job (MB)
	5986524  -  ResidentSetSize of job (KB)
...
006 (523491.000.000) 06/29 09:42:48 Image size of job updated: 6720136
	5847  -  MemoryUsage of job (MB)
	5986524  -  ResidentSetSize of job (KB)
...
006 (523491.000.000) 06/29 09:47:48 Image size of job updated: 6726576
	5847  -  MemoryUsage of job (MB)
	5986524  -  ResidentSetSize of job (KB)
...
006 (523491.000.000) 06/29 09:57:50 Image size of job updated: 6745464
	5847  -  MemoryUsage of job (MB)
	5986524  -  ResidentSetSize of job (KB)
...
006 (523491.000.000) 06/29 10:02:51 Image size of job updated: 6748984
	5847  -  MemoryUsage of job (MB)
	5986524  -  ResidentSetSize of job (KB)
...
006 (523491.000.000) 06/29 10:07:51 Image size of job updated: 6752048
	5847  -  MemoryUsage of job (MB)
	5986524  -  ResidentSetSize of job (KB)
...
006 (523491.000.000) 06/29 10:12:51 Image size of job updated: 6755456
	5847  -  MemoryUsage of job (MB)
	5986524  -  ResidentSetSize of job (KB)
...
006 (523491.000.000) 06/29 10:22:52 Image size of job updated: 6762012
	5847  -  MemoryUsage of job (MB)
	5986524  -  ResidentSetSize of job (KB)
...
006 (523491.000.000) 06/29 10:27:53 Image size of job updated: 6765412
	5847  -  MemoryUsage of job (MB)
	5986524  -  ResidentSetSize of job (KB)
...
006 (523491.000.000) 06/29 10:32:53 Image size of job updated: 6768404
	5847  -  MemoryUsage of job (MB)
	5986524  -  ResidentSetSize of job (KB)
...
006 (523491.000.000) 06/29 10:37:54 Image size of job updated: 6771644
	5847  -  MemoryUsage of job (MB)
	5986524  -  ResidentSetSize of job (KB)
...
006 (523491.000.000) 06/29 10:47:55 Image size of job updated: 6777920
	5847  -  MemoryUsage of job (MB)
	5986524  -  ResidentSetSize of job (KB)
...
006 (523491.000.000) 06/29 10:52:55 Image size of job updated: 6781296
	5847  -  MemoryUsage of job (MB)
	5986524  -  ResidentSetSize of job (KB)
...
006 (523491.000.000) 06/29 10:57:56 Image size of job updated: 6784236
	5847  -  MemoryUsage of job (MB)
	5986524  -  ResidentSetSize of job (KB)
...
006 (523491.000.000) 06/29 11:02:56 Image size of job updated: 6787684
	5847  -  MemoryUsage of job (MB)
	5986524  -  ResidentSetSize of job (KB)
...
006 (523491.000.000) 06/29 11:12:57 Image size of job updated: 6794036
	5847  -  MemoryUsage of job (MB)
	5986524  -  ResidentSetSize of job (KB)
...
006 (523491.000.000) 06/29 11:17:57 Image size of job updated: 6797324
	5847  -  MemoryUsage of job (MB)
	5986524  -  ResidentSetSize of job (KB)
...
006 (523491.000.000) 06/29 11:27:58 Image size of job updated: 6804352
	5847  -  MemoryUsage of job (MB)
	5986524  -  ResidentSetSize of job (KB)
...
006 (523491.000.000) 06/29 11:32:59 Image size of job updated: 6807708
	5847  -  MemoryUsage of job (MB)
	5986524  -  ResidentSetSize of job (KB)
...
006 (523491.000.000) 06/29 11:37:59 Image size of job updated: 6811604
	5847  -  MemoryUsage of job (MB)
	5986524  -  ResidentSetSize of job (KB)
...
006 (523491.000.000) 06/29 11:43:00 Image size of job updated: 6815476
	5847  -  MemoryUsage of job (MB)
	5986524  -  ResidentSetSize of job (KB)
...
006 (523491.000.000) 06/29 11:53:01 Image size of job updated: 6823452
	5847  -  MemoryUsage of job (MB)
	5986524  -  ResidentSetSize of job (KB)
...
006 (523491.000.000) 06/29 11:58:01 Image size of job updated: 6829808
	5847  -  MemoryUsage of job (MB)
	5986524  -  ResidentSetSize of job (KB)
...
006 (523491.000.000) 06/29 12:08:02 Image size of job updated: 6837344
	5847  -  MemoryUsage of job (MB)
	5986524  -  ResidentSetSize of job (KB)
...
006 (523491.000.000) 06/29 12:13:02 Image size of job updated: 6840816
	5847  -  MemoryUsage of job (MB)
	5986524  -  ResidentSetSize of job (KB)
...
006 (523491.000.000) 06/29 12:18:03 Image size of job updated: 6843984
	5847  -  MemoryUsage of job (MB)
	5986524  -  ResidentSetSize of job (KB)
...
006 (523491.000.000) 06/29 12:23:03 Image size of job updated: 6848564
	5847  -  MemoryUsage of job (MB)
	5986524  -  ResidentSetSize of job (KB)
...
006 (523491.000.000) 06/29 12:28:04 Image size of job updated: 6852800
	5847  -  MemoryUsage of job (MB)
	5986524  -  ResidentSetSize of job (KB)
...
006 (523491.000.000) 06/29 12:33:04 Image size of job updated: 6856976
	5847  -  MemoryUsage of job (MB)
	5986524  -  ResidentSetSize of job (KB)
...
006 (523491.000.000) 06/29 12:38:05 Image size of job updated: 6860980
	5847  -  MemoryUsage of job (MB)
	5986524  -  ResidentSetSize of job (KB)
...
006 (523491.000.000) 06/29 12:43:05 Image size of job updated: 6864932
	5847  -  MemoryUsage of job (MB)
	5986524  -  ResidentSetSize of job (KB)
...
006 (523491.000.000) 06/29 12:53:06 Image size of job updated: 6873104
	5847  -  MemoryUsage of job (MB)
	5986524  -  ResidentSetSize of job (KB)
...
006 (523491.000.000) 06/29 12:58:07 Image size of job updated: 6877352
	5847  -  MemoryUsage of job (MB)
	5986524  -  ResidentSetSize of job (KB)
...
006 (523491.000.000) 06/29 13:03:07 Image size of job updated: 6881384
	5847  -  MemoryUsage of job (MB)
	5986524  -  ResidentSetSize of job (KB)
...
006 (523491.000.000) 06/29 13:08:09 Image size of job updated: 6885444
	5847  -  MemoryUsage of job (MB)
	5986524  -  ResidentSetSize of job (KB)
...
006 (523491.000.000) 06/29 13:18:09 Image size of job updated: 6893536
	5847  -  MemoryUsage of job (MB)
	5986524  -  ResidentSetSize of job (KB)
...
006 (523491.000.000) 06/29 13:28:10 Image size of job updated: 6901844
	5847  -  MemoryUsage of job (MB)
	5986524  -  ResidentSetSize of job (KB)
...
006 (523491.000.000) 06/29 13:33:11 Image size of job updated: 6907620
	5847  -  MemoryUsage of job (MB)
	5986524  -  ResidentSetSize of job (KB)
...
006 (523491.000.000) 06/29 13:38:11 Image size of job updated: 6911624
	5847  -  MemoryUsage of job (MB)
	5986524  -  ResidentSetSize of job (KB)
...
006 (523491.000.000) 06/29 13:43:13 Image size of job updated: 6915252
	5847  -  MemoryUsage of job (MB)
	5986524  -  ResidentSetSize of job (KB)
...
006 (523491.000.000) 06/29 13:53:14 Image size of job updated: 6922252
	5847  -  MemoryUsage of job (MB)
	5986524  -  ResidentSetSize of job (KB)
...
006 (523491.000.000) 06/29 13:58:14 Image size of job updated: 6926056
	5847  -  MemoryUsage of job (MB)
	5986524  -  ResidentSetSize of job (KB)
...
006 (523491.000.000) 06/29 14:03:15 Image size of job updated: 6931712
	5847  -  MemoryUsage of job (MB)
	5986524  -  ResidentSetSize of job (KB)
...
006 (523491.000.000) 06/29 14:08:15 Image size of job updated: 6935032
	5847  -  MemoryUsage of job (MB)
	5986524  -  ResidentSetSize of job (KB)
...
006 (523491.000.000) 06/29 14:18:16 Image size of job updated: 6941820
	5847  -  MemoryUsage of job (MB)
	5986524  -  ResidentSetSize of job (KB)
...
006 (523491.000.000) 06/29 14:23:16 Image size of job updated: 6945204
	5847  -  MemoryUsage of job (MB)
	5986524  -  ResidentSetSize of job (KB)
...
006 (523491.000.000) 06/29 14:33:17 Image size of job updated: 6953520
	5847  -  MemoryUsage of job (MB)
	5986524  -  ResidentSetSize of job (KB)
...
006 (523491.000.000) 06/29 14:38:18 Image size of job updated: 6957472
	5847  -  MemoryUsage of job (MB)
	5986524  -  ResidentSetSize of job (KB)
...
006 (523491.000.000) 06/29 14:43:18 Image size of job updated: 6961496
	5847  -  MemoryUsage of job (MB)
	5986524  -  ResidentSetSize of job (KB)
...
006 (523491.000.000) 06/29 14:48:20 Image size of job updated: 6965508
	5847  -  MemoryUsage of job (MB)
	5986524  -  ResidentSetSize of job (KB)
...
006 (523491.000.000) 06/29 14:58:21 Image size of job updated: 6989568
	5847  -  MemoryUsage of job (MB)
	5986524  -  ResidentSetSize of job (KB)
...
006 (523491.000.000) 06/29 15:03:21 Image size of job updated: 6992800
	5847  -  MemoryUsage of job (MB)
	5986524  -  ResidentSetSize of job (KB)
...
006 (523491.000.000) 06/29 15:08:21 Image size of job updated: 6995496
	5847  -  MemoryUsage of job (MB)
	5986524  -  ResidentSetSize of job (KB)
...
006 (523491.000.000) 06/29 15:13:22 Image size of job updated: 6998864
	5847  -  MemoryUsage of job (MB)
	5986524  -  ResidentSetSize of job (KB)
...
006 (523491.000.000) 06/29 15:18:22 Image size of job updated: 7002268
	5847  -  MemoryUsage of job (MB)
	5986524  -  ResidentSetSize of job (KB)
...
006 (523491.000.000) 06/29 15:23:23 Image size of job updated: 7005116
	5847  -  MemoryUsage of job (MB)
	5986524  -  ResidentSetSize of job (KB)
...
006 (523491.000.000) 06/29 15:28:23 Image size of job updated: 7008484
	5847  -  MemoryUsage of job (MB)
	5986524  -  ResidentSetSize of job (KB)
...
006 (523491.000.000) 06/29 15:38:24 Image size of job updated: 7014796
	5847  -  MemoryUsage of job (MB)
	5986524  -  ResidentSetSize of job (KB)
...
006 (523491.000.000) 06/29 15:43:25 Image size of job updated: 7018068
	5847  -  MemoryUsage of job (MB)
	5986524  -  ResidentSetSize of job (KB)
...
006 (523491.000.000) 06/29 15:48:25 Image size of job updated: 7020916
	5847  -  MemoryUsage of job (MB)
	5986524  -  ResidentSetSize of job (KB)
...
006 (523491.000.000) 06/29 15:53:27 Image size of job updated: 7024284
	5847  -  MemoryUsage of job (MB)
	5986524  -  ResidentSetSize of job (KB)
...
006 (523491.000.000) 06/29 16:03:28 Image size of job updated: 7030684
	5847  -  MemoryUsage of job (MB)
	5986524  -  ResidentSetSize of job (KB)
...
006 (523491.000.000) 06/29 16:08:28 Image size of job updated: 7034096
	5847  -  MemoryUsage of job (MB)
	5986524  -  ResidentSetSize of job (KB)
...
006 (523491.000.000) 06/29 16:13:28 Image size of job updated: 7037184
	5847  -  MemoryUsage of job (MB)
	5986524  -  ResidentSetSize of job (KB)
...
006 (523491.000.000) 06/29 16:18:29 Image size of job updated: 7040608
	5847  -  MemoryUsage of job (MB)
	5986524  -  ResidentSetSize of job (KB)
...
006 (523491.000.000) 06/29 16:28:30 Image size of job updated: 7047212
	5847  -  MemoryUsage of job (MB)
	5986524  -  ResidentSetSize of job (KB)
...
006 (523491.000.000) 06/29 16:33:30 Image size of job updated: 7050448
	5847  -  MemoryUsage of job (MB)
	5986524  -  ResidentSetSize of job (KB)
...
006 (523491.000.000) 06/29 16:38:31 Image size of job updated: 7053556
	5847  -  MemoryUsage of job (MB)
	5986524  -  ResidentSetSize of job (KB)
...
006 (523491.000.000) 06/29 16:43:31 Image size of job updated: 7057788
	5847  -  MemoryUsage of job (MB)
	5986524  -  ResidentSetSize of job (KB)
...
006 (523491.000.000) 06/29 16:53:32 Image size of job updated: 7066116
	5847  -  MemoryUsage of job (MB)
	5986524  -  ResidentSetSize of job (KB)
...
006 (523491.000.000) 06/29 16:58:34 Image size of job updated: 7072640
	5847  -  MemoryUsage of job (MB)
	5986524  -  ResidentSetSize of job (KB)
...
006 (523491.000.000) 06/29 17:03:34 Image size of job updated: 7075748
	5847  -  MemoryUsage of job (MB)
	5986524  -  ResidentSetSize of job (KB)
...
006 (523491.000.000) 06/29 17:08:34 Image size of job updated: 7079616
	5847  -  MemoryUsage of job (MB)
	5986524  -  ResidentSetSize of job (KB)
...
006 (523491.000.000) 06/29 17:13:35 Image size of job updated: 7082624
	5847  -  MemoryUsage of job (MB)
	5986524  -  ResidentSetSize of job (KB)
...
006 (523491.000.000) 06/29 17:18:35 Image size of job updated: 7086824
	5847  -  MemoryUsage of job (MB)
	5986524  -  ResidentSetSize of job (KB)
...
006 (523491.000.000) 06/29 17:28:36 Image size of job updated: 7096160
	5847  -  MemoryUsage of job (MB)
	5986524  -  ResidentSetSize of job (KB)
...
006 (523491.000.000) 06/29 17:38:37 Image size of job updated: 7103268
	5847  -  MemoryUsage of job (MB)
	5986524  -  ResidentSetSize of job (KB)
...
006 (523491.000.000) 06/29 17:43:39 Image size of job updated: 7107240
	5847  -  MemoryUsage of job (MB)
	5986524  -  ResidentSetSize of job (KB)
...
006 (523491.000.000) 06/29 17:48:39 Image size of job updated: 7112624
	5847  -  MemoryUsage of job (MB)
	5986524  -  ResidentSetSize of job (KB)
...
006 (523491.000.000) 06/29 17:53:39 Image size of job updated: 7116056
	5847  -  MemoryUsage of job (MB)
	5986524  -  ResidentSetSize of job (KB)
...
006 (523491.000.000) 06/29 18:03:40 Image size of job updated: 7123644
	5847  -  MemoryUsage of job (MB)
	5986524  -  ResidentSetSize of job (KB)
...
006 (523491.000.000) 06/29 18:08:41 Image size of job updated: 7127472
	5847  -  MemoryUsage of job (MB)
	5986524  -  ResidentSetSize of job (KB)
...
006 (523491.000.000) 06/29 18:13:41 Image size of job updated: 7135020
	5847  -  MemoryUsage of job (MB)
	5986524  -  ResidentSetSize of job (KB)
...
006 (523491.000.000) 06/29 18:18:42 Image size of job updated: 7138132
	5847  -  MemoryUsage of job (MB)
	5986524  -  ResidentSetSize of job (KB)
...
006 (523491.000.000) 06/29 18:23:42 Image size of job updated: 7141244
	5847  -  MemoryUsage of job (MB)
	5986524  -  ResidentSetSize of job (KB)
...
006 (523491.000.000) 06/29 18:33:43 Image size of job updated: 7147148
	5847  -  MemoryUsage of job (MB)
	5986524  -  ResidentSetSize of job (KB)
...
006 (523491.000.000) 06/29 18:38:44 Image size of job updated: 7150304
	5847  -  MemoryUsage of job (MB)
	5986524  -  ResidentSetSize of job (KB)
...
006 (523491.000.000) 06/29 18:48:46 Image size of job updated: 7156716
	5847  -  MemoryUsage of job (MB)
	5986524  -  ResidentSetSize of job (KB)
...
006 (523491.000.000) 06/29 18:53:46 Image size of job updated: 7161192
	5847  -  MemoryUsage of job (MB)
	5986524  -  ResidentSetSize of job (KB)
...
006 (523491.000.000) 06/29 19:03:47 Image size of job updated: 7168892
	5847  -  MemoryUsage of job (MB)
	5986524  -  ResidentSetSize of job (KB)
...
006 (523491.000.000) 06/29 19:08:47 Image size of job updated: 7172668
	5847  -  MemoryUsage of job (MB)
	5986524  -  ResidentSetSize of job (KB)
...
006 (523491.000.000) 06/29 19:13:48 Image size of job updated: 7175884
	5847  -  MemoryUsage of job (MB)
	5986524  -  ResidentSetSize of job (KB)
...
006 (523491.000.000) 06/29 19:18:48 Image size of job updated: 7180236
	5847  -  MemoryUsage of job (MB)
	5986524  -  ResidentSetSize of job (KB)
...
006 (523491.000.000) 06/29 19:23:49 Image size of job updated: 7184024
	5847  -  MemoryUsage of job (MB)
	5986524  -  ResidentSetSize of job (KB)
...
006 (523491.000.000) 06/29 19:28:49 Image size of job updated: 7187788
	5847  -  MemoryUsage of job (MB)
	5986524  -  ResidentSetSize of job (KB)
...
006 (523491.000.000) 06/29 19:33:50 Image size of job updated: 7192804
	5847  -  MemoryUsage of job (MB)
	5986524  -  ResidentSetSize of job (KB)
...
006 (523491.000.000) 06/29 19:38:50 Image size of job updated: 7195772
	5847  -  MemoryUsage of job (MB)
	5986524  -  ResidentSetSize of job (KB)
...
006 (523491.000.000) 06/29 19:43:51 Image size of job updated: 7199140
	5847  -  MemoryUsage of job (MB)
	5986524  -  ResidentSetSize of job (KB)
...
006 (523491.000.000) 06/29 19:48:51 Image size of job updated: 7202860
	5847  -  MemoryUsage of job (MB)
	5986524  -  ResidentSetSize of job (KB)
...
006 (523491.000.000) 06/29 19:53:52 Image size of job updated: 7206704
	5847  -  MemoryUsage of job (MB)
	5986524  -  ResidentSetSize of job (KB)
...
006 (523491.000.000) 06/29 19:58:52 Image size of job updated: 7210360
	5847  -  MemoryUsage of job (MB)
	5986524  -  ResidentSetSize of job (KB)
...
006 (523491.000.000) 06/29 20:03:52 Image size of job updated: 7214676
	5847  -  MemoryUsage of job (MB)
	5986524  -  ResidentSetSize of job (KB)
...
006 (523491.000.000) 06/29 20:08:53 Image size of job updated: 7218568
	5847  -  MemoryUsage of job (MB)
	5986524  -  ResidentSetSize of job (KB)
...
006 (523491.000.000) 06/29 20:13:53 Image size of job updated: 7222416
	5847  -  MemoryUsage of job (MB)
	5986524  -  ResidentSetSize of job (KB)
...
006 (523491.000.000) 06/29 20:18:54 Image size of job updated: 7226576
	5847  -  MemoryUsage of job (MB)
	5986524  -  ResidentSetSize of job (KB)
...
006 (523491.000.000) 06/29 20:23:54 Image size of job updated: 7231728
	5847  -  MemoryUsage of job (MB)
	5986524  -  ResidentSetSize of job (KB)
...
006 (523491.000.000) 06/29 20:28:55 Image size of job updated: 7237108
	5847  -  MemoryUsage of job (MB)
	5986524  -  ResidentSetSize of job (KB)
...
006 (523491.000.000) 06/29 20:38:56 Image size of job updated: 7260256
	5847  -  MemoryUsage of job (MB)
	5986524  -  ResidentSetSize of job (KB)
...
006 (523491.000.000) 06/29 20:43:56 Image size of job updated: 7263308
	5847  -  MemoryUsage of job (MB)
	5986524  -  ResidentSetSize of job (KB)
...
006 (523491.000.000) 06/29 20:53:58 Image size of job updated: 7269476
	5847  -  MemoryUsage of job (MB)
	5986524  -  ResidentSetSize of job (KB)
...
006 (523491.000.000) 06/29 20:58:59 Image size of job updated: 7272768
	5847  -  MemoryUsage of job (MB)
	5986524  -  ResidentSetSize of job (KB)
...
006 (523491.000.000) 06/29 21:03:59 Image size of job updated: 7275532
	5847  -  MemoryUsage of job (MB)
	5986524  -  ResidentSetSize of job (KB)
...
006 (523491.000.000) 06/29 21:08:59 Image size of job updated: 7278624
	5847  -  MemoryUsage of job (MB)
	5986524  -  ResidentSetSize of job (KB)
...
006 (523491.000.000) 06/29 21:14:00 Image size of job updated: 7281700
	5847  -  MemoryUsage of job (MB)
	5986524  -  ResidentSetSize of job (KB)
...
006 (523491.000.000) 06/29 21:24:01 Image size of job updated: 7287812
	5847  -  MemoryUsage of job (MB)
	5986524  -  ResidentSetSize of job (KB)
...
006 (523491.000.000) 06/29 21:29:01 Image size of job updated: 7291008
	5847  -  MemoryUsage of job (MB)
	5986524  -  ResidentSetSize of job (KB)
...
006 (523491.000.000) 06/29 21:39:02 Image size of job updated: 7296848
	5847  -  MemoryUsage of job (MB)
	5986524  -  ResidentSetSize of job (KB)
...
006 (523491.000.000) 06/29 21:44:03 Image size of job updated: 7300060
	5847  -  MemoryUsage of job (MB)
	5986524  -  ResidentSetSize of job (KB)
...
006 (523491.000.000) 06/29 21:54:04 Image size of job updated: 7305956
	5847  -  MemoryUsage of job (MB)
	5986524  -  ResidentSetSize of job (KB)
...
006 (523491.000.000) 06/29 21:59:04 Image size of job updated: 7309160
	5847  -  MemoryUsage of job (MB)
	5986524  -  ResidentSetSize of job (KB)
...
006 (523491.000.000) 06/29 22:09:05 Image size of job updated: 7315096
	5847  -  MemoryUsage of job (MB)
	5986524  -  ResidentSetSize of job (KB)
...
006 (523491.000.000) 06/29 22:14:06 Image size of job updated: 7318224
	5847  -  MemoryUsage of job (MB)
	5986524  -  ResidentSetSize of job (KB)
...
006 (523491.000.000) 06/29 22:19:06 Image size of job updated: 7321336
	5847  -  MemoryUsage of job (MB)
	5986524  -  ResidentSetSize of job (KB)
...
006 (523491.000.000) 06/29 22:24:06 Image size of job updated: 7324228
	5847  -  MemoryUsage of job (MB)
	5986524  -  ResidentSetSize of job (KB)
...
006 (523491.000.000) 06/29 22:29:07 Image size of job updated: 7327376
	5847  -  MemoryUsage of job (MB)
	5986524  -  ResidentSetSize of job (KB)
...
006 (523491.000.000) 06/29 22:34:07 Image size of job updated: 7330620
	5847  -  MemoryUsage of job (MB)
	5986524  -  ResidentSetSize of job (KB)
...
006 (523491.000.000) 06/29 22:39:08 Image size of job updated: 7333236
	5847  -  MemoryUsage of job (MB)
	5986524  -  ResidentSetSize of job (KB)
...
006 (523491.000.000) 06/29 22:44:08 Image size of job updated: 7336356
	5847  -  MemoryUsage of job (MB)
	5986524  -  ResidentSetSize of job (KB)
...
006 (523491.000.000) 06/29 22:49:09 Image size of job updated: 7340332
	5847  -  MemoryUsage of job (MB)
	5986524  -  ResidentSetSize of job (KB)
...
006 (523491.000.000) 06/29 22:54:09 Image size of job updated: 7344044
	5847  -  MemoryUsage of job (MB)
	5986524  -  ResidentSetSize of job (KB)
...
006 (523491.000.000) 06/29 22:59:11 Image size of job updated: 7348192
	5847  -  MemoryUsage of job (MB)
	5986524  -  ResidentSetSize of job (KB)
...
006 (523491.000.000) 06/29 23:04:11 Image size of job updated: 7352076
	5847  -  MemoryUsage of job (MB)
	5986524  -  ResidentSetSize of job (KB)
...
006 (523491.000.000) 06/29 23:14:12 Image size of job updated: 7360100
	5847  -  MemoryUsage of job (MB)
	5986524  -  ResidentSetSize of job (KB)
...
006 (523491.000.000) 06/29 23:19:12 Image size of job updated: 7364896
	5847  -  MemoryUsage of job (MB)
	5986524  -  ResidentSetSize of job (KB)
...
006 (523491.000.000) 06/29 23:24:13 Image size of job updated: 7368004
	5847  -  MemoryUsage of job (MB)
	5986524  -  ResidentSetSize of job (KB)
...
006 (523491.000.000) 06/29 23:29:13 Image size of job updated: 7370596
	5847  -  MemoryUsage of job (MB)
	5986524  -  ResidentSetSize of job (KB)
...
006 (523491.000.000) 06/29 23:34:14 Image size of job updated: 7374448
	5847  -  MemoryUsage of job (MB)
	5986524  -  ResidentSetSize of job (KB)
...
006 (523491.000.000) 06/29 23:39:14 Image size of job updated: 7378104
	5847  -  MemoryUsage of job (MB)
	5986524  -  ResidentSetSize of job (KB)
...
006 (523491.000.000) 06/29 23:44:15 Image size of job updated: 7381860
	5847  -  MemoryUsage of job (MB)
	5986524  -  ResidentSetSize of job (KB)
...
006 (523491.000.000) 06/29 23:49:15 Image size of job updated: 7385780
	5847  -  MemoryUsage of job (MB)
	5986524  -  ResidentSetSize of job (KB)
...
006 (523491.000.000) 06/29 23:54:16 Image size of job updated: 7391180
	5847  -  MemoryUsage of job (MB)
	5986524  -  ResidentSetSize of job (KB)
...
006 (523491.000.000) 06/29 23:59:16 Image size of job updated: 7393772
	5847  -  MemoryUsage of job (MB)
	5986524  -  ResidentSetSize of job (KB)
...
006 (523491.000.000) 06/30 00:04:17 Image size of job updated: 7398800
	5847  -  MemoryUsage of job (MB)
	5986524  -  ResidentSetSize of job (KB)
...
006 (523491.000.000) 06/30 00:09:17 Image size of job updated: 7401908
	5847  -  MemoryUsage of job (MB)
	5986524  -  ResidentSetSize of job (KB)
...
006 (523491.000.000) 06/30 00:19:18 Image size of job updated: 7408752
	5847  -  MemoryUsage of job (MB)
	5986524  -  ResidentSetSize of job (KB)
...
006 (523491.000.000) 06/30 00:29:19 Image size of job updated: 7416776
	5847  -  MemoryUsage of job (MB)
	5986524  -  ResidentSetSize of job (KB)
...
006 (523491.000.000) 06/30 00:34:20 Image size of job updated: 7420648
	5847  -  MemoryUsage of job (MB)
	5986524  -  ResidentSetSize of job (KB)
...
006 (523491.000.000) 06/30 00:39:20 Image size of job updated: 7424100
	5847  -  MemoryUsage of job (MB)
	5986524  -  ResidentSetSize of job (KB)
...
006 (523491.000.000) 06/30 00:44:21 Image size of job updated: 7427536
	5847  -  MemoryUsage of job (MB)
	5986524  -  ResidentSetSize of job (KB)
...
006 (523491.000.000) 06/30 00:49:21 Image size of job updated: 7436516
	5847  -  MemoryUsage of job (MB)
	5986524  -  ResidentSetSize of job (KB)
...
006 (523491.000.000) 06/30 00:54:22 Image size of job updated: 7439508
	5847  -  MemoryUsage of job (MB)
	5986524  -  ResidentSetSize of job (KB)
...
006 (523491.000.000) 06/30 00:59:22 Image size of job updated: 7442368
	5847  -  MemoryUsage of job (MB)
	5986524  -  ResidentSetSize of job (KB)
...
006 (523491.000.000) 06/30 01:04:23 Image size of job updated: 7444992
	5847  -  MemoryUsage of job (MB)
	5986524  -  ResidentSetSize of job (KB)
...
006 (523491.000.000) 06/30 01:09:23 Image size of job updated: 7448052
	5847  -  MemoryUsage of job (MB)
	5986524  -  ResidentSetSize of job (KB)
...
006 (523491.000.000) 06/30 01:14:23 Image size of job updated: 7450916
	5847  -  MemoryUsage of job (MB)
	5986524  -  ResidentSetSize of job (KB)
...
006 (523491.000.000) 06/30 01:19:24 Image size of job updated: 7453768
	5847  -  MemoryUsage of job (MB)
	5986524  -  ResidentSetSize of job (KB)
...
006 (523491.000.000) 06/30 01:24:24 Image size of job updated: 7456356
	5847  -  MemoryUsage of job (MB)
	5986524  -  ResidentSetSize of job (KB)
...
006 (523491.000.000) 06/30 01:29:25 Image size of job updated: 7460064
	5847  -  MemoryUsage of job (MB)
	5986524  -  ResidentSetSize of job (KB)
...
006 (523491.000.000) 06/30 01:34:25 Image size of job updated: 7463568
	5847  -  MemoryUsage of job (MB)
	5986524  -  ResidentSetSize of job (KB)
...
006 (523491.000.000) 06/30 01:39:27 Image size of job updated: 7467144
	5847  -  MemoryUsage of job (MB)
	5986524  -  ResidentSetSize of job (KB)
...
006 (523491.000.000) 06/30 01:44:27 Image size of job updated: 7470696
	5847  -  MemoryUsage of job (MB)
	5986524  -  ResidentSetSize of job (KB)
...
006 (523491.000.000) 06/30 01:49:28 Image size of job updated: 7474360
	5847  -  MemoryUsage of job (MB)
	5986524  -  ResidentSetSize of job (KB)
...
006 (523491.000.000) 06/30 01:54:28 Image size of job updated: 7477484
	5847  -  MemoryUsage of job (MB)
	5986524  -  ResidentSetSize of job (KB)
...
006 (523491.000.000) 06/30 01:59:29 Image size of job updated: 7480596
	5847  -  MemoryUsage of job (MB)
	5986524  -  ResidentSetSize of job (KB)
...
006 (523491.000.000) 06/30 02:04:29 Image size of job updated: 7484852
	5847  -  MemoryUsage of job (MB)
	5986524  -  ResidentSetSize of job (KB)
...
006 (523491.000.000) 06/30 02:09:29 Image size of job updated: 7488516
	5847  -  MemoryUsage of job (MB)
	5986524  -  ResidentSetSize of job (KB)
...
006 (523491.000.000) 06/30 02:14:30 Image size of job updated: 7493940
	5847  -  MemoryUsage of job (MB)
	5986524  -  ResidentSetSize of job (KB)
...
006 (523491.000.000) 06/30 02:19:30 Image size of job updated: 7496788
	5847  -  MemoryUsage of job (MB)
	5986524  -  ResidentSetSize of job (KB)
...
006 (523491.000.000) 06/30 02:29:31 Image size of job updated: 7502776
	5847  -  MemoryUsage of job (MB)
	5986524  -  ResidentSetSize of job (KB)
...
006 (523491.000.000) 06/30 02:34:31 Image size of job updated: 7508180
	5847  -  MemoryUsage of job (MB)
	5986524  -  ResidentSetSize of job (KB)
...
006 (523491.000.000) 06/30 02:39:32 Image size of job updated: 7511112
	5847  -  MemoryUsage of job (MB)
	5986524  -  ResidentSetSize of job (KB)
...
006 (523491.000.000) 06/30 02:49:33 Image size of job updated: 7517240
	5847  -  MemoryUsage of job (MB)
	5986524  -  ResidentSetSize of job (KB)
...
006 (523491.000.000) 06/30 02:54:33 Image size of job updated: 7520636
	5847  -  MemoryUsage of job (MB)
	5986524  -  ResidentSetSize of job (KB)
...
006 (523491.000.000) 06/30 02:59:35 Image size of job updated: 7524560
	5847  -  MemoryUsage of job (MB)
	5986524  -  ResidentSetSize of job (KB)
...
006 (523491.000.000) 06/30 03:04:35 Image size of job updated: 7528232
	5847  -  MemoryUsage of job (MB)
	5986524  -  ResidentSetSize of job (KB)
...
006 (523491.000.000) 06/30 03:09:35 Image size of job updated: 7531692
	5847  -  MemoryUsage of job (MB)
	5986524  -  ResidentSetSize of job (KB)
...
006 (523491.000.000) 06/30 03:14:36 Image size of job updated: 7535364
	5847  -  MemoryUsage of job (MB)
	5986524  -  ResidentSetSize of job (KB)
...
006 (523491.000.000) 06/30 03:19:36 Image size of job updated: 7558264
	5847  -  MemoryUsage of job (MB)
	5986524  -  ResidentSetSize of job (KB)
...
006 (523491.000.000) 06/30 03:24:37 Image size of job updated: 7561632
	5847  -  MemoryUsage of job (MB)
	5986524  -  ResidentSetSize of job (KB)
...
006 (523491.000.000) 06/30 03:29:37 Image size of job updated: 7564740
	5847  -  MemoryUsage of job (MB)
	5986524  -  ResidentSetSize of job (KB)
...
006 (523491.000.000) 06/30 03:34:38 Image size of job updated: 7567672
	5847  -  MemoryUsage of job (MB)
	5986524  -  ResidentSetSize of job (KB)
...
006 (523491.000.000) 06/30 03:39:38 Image size of job updated: 7570956
	5847  -  MemoryUsage of job (MB)
	5986524  -  ResidentSetSize of job (KB)
...
006 (523491.000.000) 06/30 03:44:39 Image size of job updated: 7574320
	5847  -  MemoryUsage of job (MB)
	5986524  -  ResidentSetSize of job (KB)
...
006 (523491.000.000) 06/30 03:49:39 Image size of job updated: 7576912
	5847  -  MemoryUsage of job (MB)
	5986524  -  ResidentSetSize of job (KB)
...
006 (523491.000.000) 06/30 03:54:40 Image size of job updated: 7579980
	5847  -  MemoryUsage of job (MB)
	5986524  -  ResidentSetSize of job (KB)
...
006 (523491.000.000) 06/30 03:59:40 Image size of job updated: 7582996
	5847  -  MemoryUsage of job (MB)
	5986524  -  ResidentSetSize of job (KB)
...
006 (523491.000.000) 06/30 04:04:41 Image size of job updated: 7585976
	5847  -  MemoryUsage of job (MB)
	5986524  -  ResidentSetSize of job (KB)
...
006 (523491.000.000) 06/30 04:09:41 Image size of job updated: 7588528
	5847  -  MemoryUsage of job (MB)
	5986524  -  ResidentSetSize of job (KB)
...
006 (523491.000.000) 06/30 04:14:42 Image size of job updated: 7591436
	5847  -  MemoryUsage of job (MB)
	5986524  -  ResidentSetSize of job (KB)
...
006 (523491.000.000) 06/30 04:19:42 Image size of job updated: 7594528
	5847  -  MemoryUsage of job (MB)
	5986524  -  ResidentSetSize of job (KB)
...
006 (523491.000.000) 06/30 04:24:44 Image size of job updated: 7597556
	5847  -  MemoryUsage of job (MB)
	5986524  -  ResidentSetSize of job (KB)
...
006 (523491.000.000) 06/30 04:29:44 Image size of job updated: 7599964
	5847  -  MemoryUsage of job (MB)
	5986524  -  ResidentSetSize of job (KB)
...
006 (523491.000.000) 06/30 04:34:45 Image size of job updated: 7602960
	5847  -  MemoryUsage of job (MB)
	5986524  -  ResidentSetSize of job (KB)
...
006 (523491.000.000) 06/30 04:39:45 Image size of job updated: 7605924
	5847  -  MemoryUsage of job (MB)
	5986524  -  ResidentSetSize of job (KB)
...
006 (523491.000.000) 06/30 04:44:46 Image size of job updated: 7608968
	5847  -  MemoryUsage of job (MB)
	5986524  -  ResidentSetSize of job (KB)
...
006 (523491.000.000) 06/30 04:54:46 Image size of job updated: 7614412
	5847  -  MemoryUsage of job (MB)
	5986524  -  ResidentSetSize of job (KB)
...
006 (523491.000.000) 06/30 04:59:47 Image size of job updated: 7617576
	5847  -  MemoryUsage of job (MB)
	5986524  -  ResidentSetSize of job (KB)
...
006 (523491.000.000) 06/30 05:09:48 Image size of job updated: 7623272
	5847  -  MemoryUsage of job (MB)
	5986524  -  ResidentSetSize of job (KB)
...
006 (523491.000.000) 06/30 05:14:48 Image size of job updated: 7626132
	5847  -  MemoryUsage of job (MB)
	5986524  -  ResidentSetSize of job (KB)
...
006 (523491.000.000) 06/30 05:19:49 Image size of job updated: 7629240
	5847  -  MemoryUsage of job (MB)
	5986524  -  ResidentSetSize of job (KB)
...
006 (523491.000.000) 06/30 05:29:50 Image size of job updated: 7635196
	5847  -  MemoryUsage of job (MB)
	5986524  -  ResidentSetSize of job (KB)
...
006 (523491.000.000) 06/30 05:34:50 Image size of job updated: 7639132
	5847  -  MemoryUsage of job (MB)
	5986524  -  ResidentSetSize of job (KB)
...
006 (523491.000.000) 06/30 05:39:50 Image size of job updated: 7642268
	5847  -  MemoryUsage of job (MB)
	5986524  -  ResidentSetSize of job (KB)
...
006 (523491.000.000) 06/30 05:44:51 Image size of job updated: 7646860
	5847  -  MemoryUsage of job (MB)
	5986524  -  ResidentSetSize of job (KB)
...
006 (523491.000.000) 06/30 05:49:51 Image size of job updated: 7650468
	5847  -  MemoryUsage of job (MB)
	5986524  -  ResidentSetSize of job (KB)
...
006 (523491.000.000) 06/30 05:54:52 Image size of job updated: 7653912
	5847  -  MemoryUsage of job (MB)
	5986524  -  ResidentSetSize of job (KB)
...
006 (523491.000.000) 06/30 06:04:53 Image size of job updated: 7662272
	5847  -  MemoryUsage of job (MB)
	5986524  -  ResidentSetSize of job (KB)
...
006 (523491.000.000) 06/30 06:09:53 Image size of job updated: 7666356
	5847  -  MemoryUsage of job (MB)
	5986524  -  ResidentSetSize of job (KB)
...
006 (523491.000.000) 06/30 06:19:54 Image size of job updated: 7672560
	5847  -  MemoryUsage of job (MB)
	5986524  -  ResidentSetSize of job (KB)
...
006 (523491.000.000) 06/30 06:24:55 Image size of job updated: 7675988
	5847  -  MemoryUsage of job (MB)
	5986524  -  ResidentSetSize of job (KB)
...
006 (523491.000.000) 06/30 06:29:55 Image size of job updated: 7679484
	5847  -  MemoryUsage of job (MB)
	5986524  -  ResidentSetSize of job (KB)
...
006 (523491.000.000) 06/30 06:34:57 Image size of job updated: 7684732
	5847  -  MemoryUsage of job (MB)
	5986524  -  ResidentSetSize of job (KB)
...
006 (523491.000.000) 06/30 06:44:58 Image size of job updated: 7690160
	5847  -  MemoryUsage of job (MB)
	5986524  -  ResidentSetSize of job (KB)
...
006 (523491.000.000) 06/30 06:49:58 Image size of job updated: 7693592
	5847  -  MemoryUsage of job (MB)
	5986524  -  ResidentSetSize of job (KB)
...
006 (523491.000.000) 06/30 06:54:59 Image size of job updated: 7697236
	5847  -  MemoryUsage of job (MB)
	5986524  -  ResidentSetSize of job (KB)
...
040 (523491.000.000) 06/30 07:01:57 Started transferring output files
...
040 (523491.000.000) 06/30 07:01:57 Finished transferring output files
...
005 (523491.000.000) 06/30 07:01:57 Job terminated.
	(1) Normal termination (return value 0)
		Usr 2 11:08:38, Sys 0 00:33:15  -  Run Remote Usage
		Usr 0 00:00:00, Sys 0 00:00:00  -  Run Local Usage
		Usr 2 11:08:38, Sys 0 00:33:15  -  Total Remote Usage
		Usr 0 00:00:00, Sys 0 00:00:00  -  Total Local Usage
	79435  -  Run Bytes Sent By Job
	12441  -  Run Bytes Received By Job
	79435  -  Total Bytes Sent By Job
	12441  -  Total Bytes Received By Job
	Partitionable Resources :      Usage  Request Allocated Assigned
	   Cpus                 :       0.99        1         1 
	   Disk (KB)            : 1766944          15    187258 
	   Gpus                 :                   1         1 "CUDA0"
	   Memory (MB)          :    5847        2000      2000 
...
